CRITICAL - 2020-12-07 01:26:26 --> Undefined property: App\Controllers\Pages::$jobsModel
#0 C:\xampp\htdocs\Look4Job\app\Controllers\pages.php(19): CodeIgniter\Debug\Exceptions->errorHandler(8, 'Undefined prope...', 'C:\\xampp\\htdocs...', 19, Array)
#1 C:\xampp\htdocs\Look4Job\vendor\codeigniter4\framework\system\CodeIgniter.php(918): App\Controllers\Pages->home()
#2 C:\xampp\htdocs\Look4Job\vendor\codeigniter4\framework\system\CodeIgniter.php(404): CodeIgniter\CodeIgniter->runController(Object(App\Controllers\Pages))
#3 C:\xampp\htdocs\Look4Job\vendor\codeigniter4\framework\system\CodeIgniter.php(312): CodeIgniter\CodeIgniter->handleRequest(NULL, Object(Config\Cache), false)
#4 C:\xampp\htdocs\Look4Job\public\index.php(45): CodeIgniter\CodeIgniter->run()
#5 C:\xampp\htdocs\Look4Job\vendor\codeigniter4\framework\system\Commands\Server\rewrite.php(34): require_once('C:\\xampp\\htdocs...')
#6 {main}
CRITICAL - 2020-12-07 01:28:09 --> Undefined property: App\Controllers\Pages::$jobsModel
#0 C:\xampp\htdocs\Look4Job\app\Controllers\pages.php(21): CodeIgniter\Debug\Exceptions->errorHandler(8, 'Undefined prope...', 'C:\\xampp\\htdocs...', 21, Array)
#1 C:\xampp\htdocs\Look4Job\vendor\codeigniter4\framework\system\CodeIgniter.php(918): App\Controllers\Pages->home()
#2 C:\xampp\htdocs\Look4Job\vendor\codeigniter4\framework\system\CodeIgniter.php(404): CodeIgniter\CodeIgniter->runController(Object(App\Controllers\Pages))
#3 C:\xampp\htdocs\Look4Job\vendor\codeigniter4\framework\system\CodeIgniter.php(312): CodeIgniter\CodeIgniter->handleRequest(NULL, Object(Config\Cache), false)
#4 C:\xampp\htdocs\Look4Job\public\index.php(45): CodeIgniter\CodeIgniter->run()
#5 C:\xampp\htdocs\Look4Job\vendor\codeigniter4\framework\system\Commands\Server\rewrite.php(34): require_once('C:\\xampp\\htdocs...')
#6 {main}
CRITICAL - 2020-12-07 01:29:44 --> Undefined property: App\Controllers\Pages::$jobsModel
#0 C:\xampp\htdocs\Look4Job\app\Controllers\pages.php(21): CodeIgniter\Debug\Exceptions->errorHandler(8, 'Undefined prope...', 'C:\\xampp\\htdocs...', 21, Array)
#1 C:\xampp\htdocs\Look4Job\vendor\codeigniter4\framework\system\CodeIgniter.php(918): App\Controllers\Pages->home()
#2 C:\xampp\htdocs\Look4Job\vendor\codeigniter4\framework\system\CodeIgniter.php(404): CodeIgniter\CodeIgniter->runController(Object(App\Controllers\Pages))
#3 C:\xampp\htdocs\Look4Job\vendor\codeigniter4\framework\system\CodeIgniter.php(312): CodeIgniter\CodeIgniter->handleRequest(NULL, Object(Config\Cache), false)
#4 C:\xampp\htdocs\Look4Job\public\index.php(45): CodeIgniter\CodeIgniter->run()
#5 C:\xampp\htdocs\Look4Job\vendor\codeigniter4\framework\system\Commands\Server\rewrite.php(34): require_once('C:\\xampp\\htdocs...')
#6 {main}
CRITICAL - 2020-12-07 01:30:18 --> Undefined property: App\Controllers\Pages::$jobsModel
#0 C:\xampp\htdocs\Look4Job\app\Controllers\pages.php(21): CodeIgniter\Debug\Exceptions->errorHandler(8, 'Undefined prope...', 'C:\\xampp\\htdocs...', 21, Array)
#1 C:\xampp\htdocs\Look4Job\vendor\codeigniter4\framework\system\CodeIgniter.php(918): App\Controllers\Pages->home()
#2 C:\xampp\htdocs\Look4Job\vendor\codeigniter4\framework\system\CodeIgniter.php(404): CodeIgniter\CodeIgniter->runController(Object(App\Controllers\Pages))
#3 C:\xampp\htdocs\Look4Job\vendor\codeigniter4\framework\system\CodeIgniter.php(312): CodeIgniter\CodeIgniter->handleRequest(NULL, Object(Config\Cache), false)
#4 C:\xampp\htdocs\Look4Job\public\index.php(45): CodeIgniter\CodeIgniter->run()
#5 C:\xampp\htdocs\Look4Job\vendor\codeigniter4\framework\system\Commands\Server\rewrite.php(34): require_once('C:\\xampp\\htdocs...')
#6 {main}
CRITICAL - 2020-12-07 01:32:01 --> Undefined index: nama
#0 C:\xampp\htdocs\Look4Job\app\Views\pages\home.php(54): CodeIgniter\Debug\Exceptions->errorHandler(8, 'Undefined index...', 'C:\\xampp\\htdocs...', 54, Array)
#1 C:\xampp\htdocs\Look4Job\vendor\codeigniter4\framework\system\View\View.php(246): include('C:\\xampp\\htdocs...')
#2 C:\xampp\htdocs\Look4Job\vendor\codeigniter4\framework\system\Common.php(1119): CodeIgniter\View\View->render('pages/home', Array, true)
#3 C:\xampp\htdocs\Look4Job\app\Controllers\pages.php(28): view('pages/home', Array)
#4 C:\xampp\htdocs\Look4Job\vendor\codeigniter4\framework\system\CodeIgniter.php(918): App\Controllers\Pages->home()
#5 C:\xampp\htdocs\Look4Job\vendor\codeigniter4\framework\system\CodeIgniter.php(404): CodeIgniter\CodeIgniter->runController(Object(App\Controllers\Pages))
#6 C:\xampp\htdocs\Look4Job\vendor\codeigniter4\framework\system\CodeIgniter.php(312): CodeIgniter\CodeIgniter->handleRequest(NULL, Object(Config\Cache), false)
#7 C:\xampp\htdocs\Look4Job\public\index.php(45): CodeIgniter\CodeIgniter->run()
#8 C:\xampp\htdocs\Look4Job\vendor\codeigniter4\framework\system\Commands\Server\rewrite.php(34): require_once('C:\\xampp\\htdocs...')
#9 {main}
CRITICAL - 2020-12-07 01:32:16 --> Undefined index: created_ad
#0 C:\xampp\htdocs\Look4Job\app\Views\pages\home.php(58): CodeIgniter\Debug\Exceptions->errorHandler(8, 'Undefined index...', 'C:\\xampp\\htdocs...', 58, Array)
#1 C:\xampp\htdocs\Look4Job\vendor\codeigniter4\framework\system\View\View.php(246): include('C:\\xampp\\htdocs...')
#2 C:\xampp\htdocs\Look4Job\vendor\codeigniter4\framework\system\Common.php(1119): CodeIgniter\View\View->render('pages/home', Array, true)
#3 C:\xampp\htdocs\Look4Job\app\Controllers\pages.php(28): view('pages/home', Array)
#4 C:\xampp\htdocs\Look4Job\vendor\codeigniter4\framework\system\CodeIgniter.php(918): App\Controllers\Pages->home()
#5 C:\xampp\htdocs\Look4Job\vendor\codeigniter4\framework\system\CodeIgniter.php(404): CodeIgniter\CodeIgniter->runController(Object(App\Controllers\Pages))
#6 C:\xampp\htdocs\Look4Job\vendor\codeigniter4\framework\system\CodeIgniter.php(312): CodeIgniter\CodeIgniter->handleRequest(NULL, Object(Config\Cache), false)
#7 C:\xampp\htdocs\Look4Job\public\index.php(45): CodeIgniter\CodeIgniter->run()
#8 C:\xampp\htdocs\Look4Job\vendor\codeigniter4\framework\system\Commands\Server\rewrite.php(34): require_once('C:\\xampp\\htdocs...')
#9 {main}
CRITICAL - 2020-12-07 02:08:30 --> Too few arguments to function App\Controllers\Pages::detail(), 0 passed in C:\xampp\htdocs\Look4Job\vendor\codeigniter4\framework\system\CodeIgniter.php on line 918 and exactly 1 expected
#0 C:\xampp\htdocs\Look4Job\vendor\codeigniter4\framework\system\CodeIgniter.php(918): App\Controllers\Pages->detail()
#1 C:\xampp\htdocs\Look4Job\vendor\codeigniter4\framework\system\CodeIgniter.php(404): CodeIgniter\CodeIgniter->runController(Object(App\Controllers\Pages))
#2 C:\xampp\htdocs\Look4Job\vendor\codeigniter4\framework\system\CodeIgniter.php(312): CodeIgniter\CodeIgniter->handleRequest(NULL, Object(Config\Cache), false)
#3 C:\xampp\htdocs\Look4Job\public\index.php(45): CodeIgniter\CodeIgniter->run()
#4 C:\xampp\htdocs\Look4Job\vendor\codeigniter4\framework\system\Commands\Server\rewrite.php(34): require_once('C:\\xampp\\htdocs...')
#5 {main}
CRITICAL - 2020-12-07 02:23:24 --> Undefined variable: job
#0 C:\xampp\htdocs\Look4Job\app\Views\pages\detail.php(8): CodeIgniter\Debug\Exceptions->errorHandler(8, 'Undefined varia...', 'C:\\xampp\\htdocs...', 8, Array)
#1 C:\xampp\htdocs\Look4Job\vendor\codeigniter4\framework\system\View\View.php(246): include('C:\\xampp\\htdocs...')
#2 C:\xampp\htdocs\Look4Job\vendor\codeigniter4\framework\system\Common.php(1119): CodeIgniter\View\View->render('pages/detail', Array, true)
#3 C:\xampp\htdocs\Look4Job\app\Controllers\pages.php(51): view('pages/detail', Array)
#4 C:\xampp\htdocs\Look4Job\vendor\codeigniter4\framework\system\CodeIgniter.php(918): App\Controllers\Pages->detail()
#5 C:\xampp\htdocs\Look4Job\vendor\codeigniter4\framework\system\CodeIgniter.php(404): CodeIgniter\CodeIgniter->runController(Object(App\Controllers\Pages))
#6 C:\xampp\htdocs\Look4Job\vendor\codeigniter4\framework\system\CodeIgniter.php(312): CodeIgniter\CodeIgniter->handleRequest(NULL, Object(Config\Cache), false)
#7 C:\xampp\htdocs\Look4Job\public\index.php(45): CodeIgniter\CodeIgniter->run()
#8 C:\xampp\htdocs\Look4Job\vendor\codeigniter4\framework\system\Commands\Server\rewrite.php(34): require_once('C:\\xampp\\htdocs...')
#9 {main}
CRITICAL - 2020-12-07 02:24:54 --> syntax error, unexpected ''job'' (T_CONSTANT_ENCAPSED_STRING), expecting ']'
#0 C:\xampp\htdocs\Look4Job\vendor\codeigniter4\framework\system\Router\Router.php(195): CodeIgniter\Router\Router->autoRoute('pages/detail')
#1 C:\xampp\htdocs\Look4Job\vendor\codeigniter4\framework\system\CodeIgniter.php(793): CodeIgniter\Router\Router->handle('pages/detail')
#2 C:\xampp\htdocs\Look4Job\vendor\codeigniter4\framework\system\CodeIgniter.php(364): CodeIgniter\CodeIgniter->tryToRouteIt(Object(CodeIgniter\Router\RouteCollection))
#3 C:\xampp\htdocs\Look4Job\vendor\codeigniter4\framework\system\CodeIgniter.php(312): CodeIgniter\CodeIgniter->handleRequest(NULL, Object(Config\Cache), false)
#4 C:\xampp\htdocs\Look4Job\public\index.php(45): CodeIgniter\CodeIgniter->run()
#5 C:\xampp\htdocs\Look4Job\vendor\codeigniter4\framework\system\Commands\Server\rewrite.php(34): require_once('C:\\xampp\\htdocs...')
#6 {main}
CRITICAL - 2020-12-07 02:25:27 --> syntax error, unexpected ''job'' (T_CONSTANT_ENCAPSED_STRING), expecting ']'
#0 C:\xampp\htdocs\Look4Job\vendor\codeigniter4\framework\system\Router\Router.php(195): CodeIgniter\Router\Router->autoRoute('pages/detail')
#1 C:\xampp\htdocs\Look4Job\vendor\codeigniter4\framework\system\CodeIgniter.php(793): CodeIgniter\Router\Router->handle('pages/detail')
#2 C:\xampp\htdocs\Look4Job\vendor\codeigniter4\framework\system\CodeIgniter.php(364): CodeIgniter\CodeIgniter->tryToRouteIt(Object(CodeIgniter\Router\RouteCollection))
#3 C:\xampp\htdocs\Look4Job\vendor\codeigniter4\framework\system\CodeIgniter.php(312): CodeIgniter\CodeIgniter->handleRequest(NULL, Object(Config\Cache), false)
#4 C:\xampp\htdocs\Look4Job\public\index.php(45): CodeIgniter\CodeIgniter->run()
#5 C:\xampp\htdocs\Look4Job\vendor\codeigniter4\framework\system\Commands\Server\rewrite.php(34): require_once('C:\\xampp\\htdocs...')
#6 {main}
CRITICAL - 2020-12-07 02:25:39 --> Too few arguments to function App\Controllers\Pages::detail(), 0 passed in C:\xampp\htdocs\Look4Job\vendor\codeigniter4\framework\system\CodeIgniter.php on line 918 and exactly 1 expected
#0 C:\xampp\htdocs\Look4Job\vendor\codeigniter4\framework\system\CodeIgniter.php(918): App\Controllers\Pages->detail()
#1 C:\xampp\htdocs\Look4Job\vendor\codeigniter4\framework\system\CodeIgniter.php(404): CodeIgniter\CodeIgniter->runController(Object(App\Controllers\Pages))
#2 C:\xampp\htdocs\Look4Job\vendor\codeigniter4\framework\system\CodeIgniter.php(312): CodeIgniter\CodeIgniter->handleRequest(NULL, Object(Config\Cache), false)
#3 C:\xampp\htdocs\Look4Job\public\index.php(45): CodeIgniter\CodeIgniter->run()
#4 C:\xampp\htdocs\Look4Job\vendor\codeigniter4\framework\system\Commands\Server\rewrite.php(34): require_once('C:\\xampp\\htdocs...')
#5 {main}
CRITICAL - 2020-12-07 02:26:41 --> Undefined index: posisi
#0 C:\xampp\htdocs\Look4Job\app\Views\pages\detail.php(8): CodeIgniter\Debug\Exceptions->errorHandler(8, 'Undefined index...', 'C:\\xampp\\htdocs...', 8, Array)
#1 C:\xampp\htdocs\Look4Job\vendor\codeigniter4\framework\system\View\View.php(246): include('C:\\xampp\\htdocs...')
#2 C:\xampp\htdocs\Look4Job\vendor\codeigniter4\framework\system\Common.php(1119): CodeIgniter\View\View->render('pages/detail', Array, true)
#3 C:\xampp\htdocs\Look4Job\app\Controllers\pages.php(51): view('pages/detail', Array)
#4 C:\xampp\htdocs\Look4Job\vendor\codeigniter4\framework\system\CodeIgniter.php(918): App\Controllers\Pages->detail()
#5 C:\xampp\htdocs\Look4Job\vendor\codeigniter4\framework\system\CodeIgniter.php(404): CodeIgniter\CodeIgniter->runController(Object(App\Controllers\Pages))
#6 C:\xampp\htdocs\Look4Job\vendor\codeigniter4\framework\system\CodeIgniter.php(312): CodeIgniter\CodeIgniter->handleRequest(NULL, Object(Config\Cache), false)
#7 C:\xampp\htdocs\Look4Job\public\index.php(45): CodeIgniter\CodeIgniter->run()
#8 C:\xampp\htdocs\Look4Job\vendor\codeigniter4\framework\system\Commands\Server\rewrite.php(34): require_once('C:\\xampp\\htdocs...')
#9 {main}
CRITICAL - 2020-12-07 02:29:15 --> Too few arguments to function App\Controllers\Pages::detail(), 0 passed in C:\xampp\htdocs\Look4Job\vendor\codeigniter4\framework\system\CodeIgniter.php on line 918 and exactly 1 expected
#0 C:\xampp\htdocs\Look4Job\vendor\codeigniter4\framework\system\CodeIgniter.php(918): App\Controllers\Pages->detail()
#1 C:\xampp\htdocs\Look4Job\vendor\codeigniter4\framework\system\CodeIgniter.php(404): CodeIgniter\CodeIgniter->runController(Object(App\Controllers\Pages))
#2 C:\xampp\htdocs\Look4Job\vendor\codeigniter4\framework\system\CodeIgniter.php(312): CodeIgniter\CodeIgniter->handleRequest(NULL, Object(Config\Cache), false)
#3 C:\xampp\htdocs\Look4Job\public\index.php(45): CodeIgniter\CodeIgniter->run()
#4 C:\xampp\htdocs\Look4Job\vendor\codeigniter4\framework\system\Commands\Server\rewrite.php(34): require_once('C:\\xampp\\htdocs...')
#5 {main}
CRITICAL - 2020-12-07 02:30:38 --> Too few arguments to function App\Controllers\Pages::detail(), 0 passed in C:\xampp\htdocs\Look4Job\vendor\codeigniter4\framework\system\CodeIgniter.php on line 918 and exactly 1 expected
#0 C:\xampp\htdocs\Look4Job\vendor\codeigniter4\framework\system\CodeIgniter.php(918): App\Controllers\Pages->detail()
#1 C:\xampp\htdocs\Look4Job\vendor\codeigniter4\framework\system\CodeIgniter.php(404): CodeIgniter\CodeIgniter->runController(Object(App\Controllers\Pages))
#2 C:\xampp\htdocs\Look4Job\vendor\codeigniter4\framework\system\CodeIgniter.php(312): CodeIgniter\CodeIgniter->handleRequest(NULL, Object(Config\Cache), false)
#3 C:\xampp\htdocs\Look4Job\public\index.php(45): CodeIgniter\CodeIgniter->run()
#4 C:\xampp\htdocs\Look4Job\vendor\codeigniter4\framework\system\Commands\Server\rewrite.php(34): require_once('C:\\xampp\\htdocs...')
#5 {main}
CRITICAL - 2020-12-07 02:30:45 --> Too few arguments to function App\Controllers\Pages::detail(), 0 passed in C:\xampp\htdocs\Look4Job\vendor\codeigniter4\framework\system\CodeIgniter.php on line 918 and exactly 1 expected
#0 C:\xampp\htdocs\Look4Job\vendor\codeigniter4\framework\system\CodeIgniter.php(918): App\Controllers\Pages->detail()
#1 C:\xampp\htdocs\Look4Job\vendor\codeigniter4\framework\system\CodeIgniter.php(404): CodeIgniter\CodeIgniter->runController(Object(App\Controllers\Pages))
#2 C:\xampp\htdocs\Look4Job\vendor\codeigniter4\framework\system\CodeIgniter.php(312): CodeIgniter\CodeIgniter->handleRequest(NULL, Object(Config\Cache), false)
#3 C:\xampp\htdocs\Look4Job\public\index.php(45): CodeIgniter\CodeIgniter->run()
#4 C:\xampp\htdocs\Look4Job\vendor\codeigniter4\framework\system\Commands\Server\rewrite.php(34): require_once('C:\\xampp\\htdocs...')
#5 {main}
CRITICAL - 2020-12-07 02:32:48 --> Undefined index: posisi
#0 C:\xampp\htdocs\Look4Job\app\Views\pages\detail.php(8): CodeIgniter\Debug\Exceptions->errorHandler(8, 'Undefined index...', 'C:\\xampp\\htdocs...', 8, Array)
#1 C:\xampp\htdocs\Look4Job\vendor\codeigniter4\framework\system\View\View.php(246): include('C:\\xampp\\htdocs...')
#2 C:\xampp\htdocs\Look4Job\vendor\codeigniter4\framework\system\Common.php(1119): CodeIgniter\View\View->render('pages/detail', Array, true)
#3 C:\xampp\htdocs\Look4Job\app\Controllers\pages.php(46): view('pages/detail', Array)
#4 C:\xampp\htdocs\Look4Job\vendor\codeigniter4\framework\system\CodeIgniter.php(918): App\Controllers\Pages->detail()
#5 C:\xampp\htdocs\Look4Job\vendor\codeigniter4\framework\system\CodeIgniter.php(404): CodeIgniter\CodeIgniter->runController(Object(App\Controllers\Pages))
#6 C:\xampp\htdocs\Look4Job\vendor\codeigniter4\framework\system\CodeIgniter.php(312): CodeIgniter\CodeIgniter->handleRequest(NULL, Object(Config\Cache), false)
#7 C:\xampp\htdocs\Look4Job\public\index.php(45): CodeIgniter\CodeIgniter->run()
#8 C:\xampp\htdocs\Look4Job\vendor\codeigniter4\framework\system\Commands\Server\rewrite.php(34): require_once('C:\\xampp\\htdocs...')
#9 {main}
CRITICAL - 2020-12-07 02:34:11 --> Undefined index: posisi
#0 C:\xampp\htdocs\Look4Job\app\Views\pages\detail.php(8): CodeIgniter\Debug\Exceptions->errorHandler(8, 'Undefined index...', 'C:\\xampp\\htdocs...', 8, Array)
#1 C:\xampp\htdocs\Look4Job\vendor\codeigniter4\framework\system\View\View.php(246): include('C:\\xampp\\htdocs...')
#2 C:\xampp\htdocs\Look4Job\vendor\codeigniter4\framework\system\Common.php(1119): CodeIgniter\View\View->render('pages/detail', Array, true)
#3 C:\xampp\htdocs\Look4Job\app\Controllers\pages.php(46): view('pages/detail', Array)
#4 C:\xampp\htdocs\Look4Job\vendor\codeigniter4\framework\system\CodeIgniter.php(918): App\Controllers\Pages->detail()
#5 C:\xampp\htdocs\Look4Job\vendor\codeigniter4\framework\system\CodeIgniter.php(404): CodeIgniter\CodeIgniter->runController(Object(App\Controllers\Pages))
#6 C:\xampp\htdocs\Look4Job\vendor\codeigniter4\framework\system\CodeIgniter.php(312): CodeIgniter\CodeIgniter->handleRequest(NULL, Object(Config\Cache), false)
#7 C:\xampp\htdocs\Look4Job\public\index.php(45): CodeIgniter\CodeIgniter->run()
#8 C:\xampp\htdocs\Look4Job\vendor\codeigniter4\framework\system\Commands\Server\rewrite.php(34): require_once('C:\\xampp\\htdocs...')
#9 {main}
CRITICAL - 2020-12-07 02:34:26 --> Undefined variable: jobs
#0 C:\xampp\htdocs\Look4Job\app\Views\pages\detail.php(8): CodeIgniter\Debug\Exceptions->errorHandler(8, 'Undefined varia...', 'C:\\xampp\\htdocs...', 8, Array)
#1 C:\xampp\htdocs\Look4Job\vendor\codeigniter4\framework\system\View\View.php(246): include('C:\\xampp\\htdocs...')
#2 C:\xampp\htdocs\Look4Job\vendor\codeigniter4\framework\system\Common.php(1119): CodeIgniter\View\View->render('pages/detail', Array, true)
#3 C:\xampp\htdocs\Look4Job\app\Controllers\pages.php(46): view('pages/detail', Array)
#4 C:\xampp\htdocs\Look4Job\vendor\codeigniter4\framework\system\CodeIgniter.php(918): App\Controllers\Pages->detail()
#5 C:\xampp\htdocs\Look4Job\vendor\codeigniter4\framework\system\CodeIgniter.php(404): CodeIgniter\CodeIgniter->runController(Object(App\Controllers\Pages))
#6 C:\xampp\htdocs\Look4Job\vendor\codeigniter4\framework\system\CodeIgniter.php(312): CodeIgniter\CodeIgniter->handleRequest(NULL, Object(Config\Cache), false)
#7 C:\xampp\htdocs\Look4Job\public\index.php(45): CodeIgniter\CodeIgniter->run()
#8 C:\xampp\htdocs\Look4Job\vendor\codeigniter4\framework\system\Commands\Server\rewrite.php(34): require_once('C:\\xampp\\htdocs...')
#9 {main}
CRITICAL - 2020-12-07 02:35:07 --> Undefined index: nama_perusahaan
#0 C:\xampp\htdocs\Look4Job\app\Views\pages\detail.php(9): CodeIgniter\Debug\Exceptions->errorHandler(8, 'Undefined index...', 'C:\\xampp\\htdocs...', 9, Array)
#1 C:\xampp\htdocs\Look4Job\vendor\codeigniter4\framework\system\View\View.php(246): include('C:\\xampp\\htdocs...')
#2 C:\xampp\htdocs\Look4Job\vendor\codeigniter4\framework\system\Common.php(1119): CodeIgniter\View\View->render('pages/detail', Array, true)
#3 C:\xampp\htdocs\Look4Job\app\Controllers\pages.php(46): view('pages/detail', Array)
#4 C:\xampp\htdocs\Look4Job\vendor\codeigniter4\framework\system\CodeIgniter.php(918): App\Controllers\Pages->detail()
#5 C:\xampp\htdocs\Look4Job\vendor\codeigniter4\framework\system\CodeIgniter.php(404): CodeIgniter\CodeIgniter->runController(Object(App\Controllers\Pages))
#6 C:\xampp\htdocs\Look4Job\vendor\codeigniter4\framework\system\CodeIgniter.php(312): CodeIgniter\CodeIgniter->handleRequest(NULL, Object(Config\Cache), false)
#7 C:\xampp\htdocs\Look4Job\public\index.php(45): CodeIgniter\CodeIgniter->run()
#8 C:\xampp\htdocs\Look4Job\vendor\codeigniter4\framework\system\Commands\Server\rewrite.php(34): require_once('C:\\xampp\\htdocs...')
#9 {main}
CRITICAL - 2020-12-07 02:35:32 --> Undefined offset: 2
#0 C:\xampp\htdocs\Look4Job\app\Views\pages\detail.php(8): CodeIgniter\Debug\Exceptions->errorHandler(8, 'Undefined offse...', 'C:\\xampp\\htdocs...', 8, Array)
#1 C:\xampp\htdocs\Look4Job\vendor\codeigniter4\framework\system\View\View.php(246): include('C:\\xampp\\htdocs...')
#2 C:\xampp\htdocs\Look4Job\vendor\codeigniter4\framework\system\Common.php(1119): CodeIgniter\View\View->render('pages/detail', Array, true)
#3 C:\xampp\htdocs\Look4Job\app\Controllers\pages.php(46): view('pages/detail', Array)
#4 C:\xampp\htdocs\Look4Job\vendor\codeigniter4\framework\system\CodeIgniter.php(918): App\Controllers\Pages->detail()
#5 C:\xampp\htdocs\Look4Job\vendor\codeigniter4\framework\system\CodeIgniter.php(404): CodeIgniter\CodeIgniter->runController(Object(App\Controllers\Pages))
#6 C:\xampp\htdocs\Look4Job\vendor\codeigniter4\framework\system\CodeIgniter.php(312): CodeIgniter\CodeIgniter->handleRequest(NULL, Object(Config\Cache), false)
#7 C:\xampp\htdocs\Look4Job\public\index.php(45): CodeIgniter\CodeIgniter->run()
#8 C:\xampp\htdocs\Look4Job\vendor\codeigniter4\framework\system\Commands\Server\rewrite.php(34): require_once('C:\\xampp\\htdocs...')
#9 {main}
CRITICAL - 2020-12-07 02:35:40 --> Undefined offset: 2
#0 C:\xampp\htdocs\Look4Job\app\Views\pages\detail.php(8): CodeIgniter\Debug\Exceptions->errorHandler(8, 'Undefined offse...', 'C:\\xampp\\htdocs...', 8, Array)
#1 C:\xampp\htdocs\Look4Job\vendor\codeigniter4\framework\system\View\View.php(246): include('C:\\xampp\\htdocs...')
#2 C:\xampp\htdocs\Look4Job\vendor\codeigniter4\framework\system\Common.php(1119): CodeIgniter\View\View->render('pages/detail', Array, true)
#3 C:\xampp\htdocs\Look4Job\app\Controllers\pages.php(46): view('pages/detail', Array)
#4 C:\xampp\htdocs\Look4Job\vendor\codeigniter4\framework\system\CodeIgniter.php(918): App\Controllers\Pages->detail()
#5 C:\xampp\htdocs\Look4Job\vendor\codeigniter4\framework\system\CodeIgniter.php(404): CodeIgniter\CodeIgniter->runController(Object(App\Controllers\Pages))
#6 C:\xampp\htdocs\Look4Job\vendor\codeigniter4\framework\system\CodeIgniter.php(312): CodeIgniter\CodeIgniter->handleRequest(NULL, Object(Config\Cache), false)
#7 C:\xampp\htdocs\Look4Job\public\index.php(45): CodeIgniter\CodeIgniter->run()
#8 C:\xampp\htdocs\Look4Job\vendor\codeigniter4\framework\system\Commands\Server\rewrite.php(34): require_once('C:\\xampp\\htdocs...')
#9 {main}
CRITICAL - 2020-12-07 02:35:53 --> Undefined index: posisi
#0 C:\xampp\htdocs\Look4Job\app\Views\pages\detail.php(8): CodeIgniter\Debug\Exceptions->errorHandler(8, 'Undefined index...', 'C:\\xampp\\htdocs...', 8, Array)
#1 C:\xampp\htdocs\Look4Job\vendor\codeigniter4\framework\system\View\View.php(246): include('C:\\xampp\\htdocs...')
#2 C:\xampp\htdocs\Look4Job\vendor\codeigniter4\framework\system\Common.php(1119): CodeIgniter\View\View->render('pages/detail', Array, true)
#3 C:\xampp\htdocs\Look4Job\app\Controllers\pages.php(46): view('pages/detail', Array)
#4 C:\xampp\htdocs\Look4Job\vendor\codeigniter4\framework\system\CodeIgniter.php(918): App\Controllers\Pages->detail()
#5 C:\xampp\htdocs\Look4Job\vendor\codeigniter4\framework\system\CodeIgniter.php(404): CodeIgniter\CodeIgniter->runController(Object(App\Controllers\Pages))
#6 C:\xampp\htdocs\Look4Job\vendor\codeigniter4\framework\system\CodeIgniter.php(312): CodeIgniter\CodeIgniter->handleRequest(NULL, Object(Config\Cache), false)
#7 C:\xampp\htdocs\Look4Job\public\index.php(45): CodeIgniter\CodeIgniter->run()
#8 C:\xampp\htdocs\Look4Job\vendor\codeigniter4\framework\system\Commands\Server\rewrite.php(34): require_once('C:\\xampp\\htdocs...')
#9 {main}
CRITICAL - 2020-12-07 02:35:56 --> Undefined index: posisi
#0 C:\xampp\htdocs\Look4Job\app\Views\pages\detail.php(8): CodeIgniter\Debug\Exceptions->errorHandler(8, 'Undefined index...', 'C:\\xampp\\htdocs...', 8, Array)
#1 C:\xampp\htdocs\Look4Job\vendor\codeigniter4\framework\system\View\View.php(246): include('C:\\xampp\\htdocs...')
#2 C:\xampp\htdocs\Look4Job\vendor\codeigniter4\framework\system\Common.php(1119): CodeIgniter\View\View->render('pages/detail', Array, true)
#3 C:\xampp\htdocs\Look4Job\app\Controllers\pages.php(46): view('pages/detail', Array)
#4 C:\xampp\htdocs\Look4Job\vendor\codeigniter4\framework\system\CodeIgniter.php(918): App\Controllers\Pages->detail()
#5 C:\xampp\htdocs\Look4Job\vendor\codeigniter4\framework\system\CodeIgniter.php(404): CodeIgniter\CodeIgniter->runController(Object(App\Controllers\Pages))
#6 C:\xampp\htdocs\Look4Job\vendor\codeigniter4\framework\system\CodeIgniter.php(312): CodeIgniter\CodeIgniter->handleRequest(NULL, Object(Config\Cache), false)
#7 C:\xampp\htdocs\Look4Job\public\index.php(45): CodeIgniter\CodeIgniter->run()
#8 C:\xampp\htdocs\Look4Job\vendor\codeigniter4\framework\system\Commands\Server\rewrite.php(34): require_once('C:\\xampp\\htdocs...')
#9 {main}
CRITICAL - 2020-12-07 02:37:10 --> Undefined index: posisi
#0 C:\xampp\htdocs\Look4Job\app\Views\pages\detail.php(8): CodeIgniter\Debug\Exceptions->errorHandler(8, 'Undefined index...', 'C:\\xampp\\htdocs...', 8, Array)
#1 C:\xampp\htdocs\Look4Job\vendor\codeigniter4\framework\system\View\View.php(246): include('C:\\xampp\\htdocs...')
#2 C:\xampp\htdocs\Look4Job\vendor\codeigniter4\framework\system\Common.php(1119): CodeIgniter\View\View->render('pages/detail', Array, true)
#3 C:\xampp\htdocs\Look4Job\app\Controllers\pages.php(46): view('pages/detail', Array)
#4 C:\xampp\htdocs\Look4Job\vendor\codeigniter4\framework\system\CodeIgniter.php(918): App\Controllers\Pages->detail()
#5 C:\xampp\htdocs\Look4Job\vendor\codeigniter4\framework\system\CodeIgniter.php(404): CodeIgniter\CodeIgniter->runController(Object(App\Controllers\Pages))
#6 C:\xampp\htdocs\Look4Job\vendor\codeigniter4\framework\system\CodeIgniter.php(312): CodeIgniter\CodeIgniter->handleRequest(NULL, Object(Config\Cache), false)
#7 C:\xampp\htdocs\Look4Job\public\index.php(45): CodeIgniter\CodeIgniter->run()
#8 C:\xampp\htdocs\Look4Job\vendor\codeigniter4\framework\system\Commands\Server\rewrite.php(34): require_once('C:\\xampp\\htdocs...')
#9 {main}
CRITICAL - 2020-12-07 02:37:13 --> Undefined index: posisi
#0 C:\xampp\htdocs\Look4Job\app\Views\pages\detail.php(8): CodeIgniter\Debug\Exceptions->errorHandler(8, 'Undefined index...', 'C:\\xampp\\htdocs...', 8, Array)
#1 C:\xampp\htdocs\Look4Job\vendor\codeigniter4\framework\system\View\View.php(246): include('C:\\xampp\\htdocs...')
#2 C:\xampp\htdocs\Look4Job\vendor\codeigniter4\framework\system\Common.php(1119): CodeIgniter\View\View->render('pages/detail', Array, true)
#3 C:\xampp\htdocs\Look4Job\app\Controllers\pages.php(46): view('pages/detail', Array)
#4 C:\xampp\htdocs\Look4Job\vendor\codeigniter4\framework\system\CodeIgniter.php(918): App\Controllers\Pages->detail()
#5 C:\xampp\htdocs\Look4Job\vendor\codeigniter4\framework\system\CodeIgniter.php(404): CodeIgniter\CodeIgniter->runController(Object(App\Controllers\Pages))
#6 C:\xampp\htdocs\Look4Job\vendor\codeigniter4\framework\system\CodeIgniter.php(312): CodeIgniter\CodeIgniter->handleRequest(NULL, Object(Config\Cache), false)
#7 C:\xampp\htdocs\Look4Job\public\index.php(45): CodeIgniter\CodeIgniter->run()
#8 C:\xampp\htdocs\Look4Job\vendor\codeigniter4\framework\system\Commands\Server\rewrite.php(34): require_once('C:\\xampp\\htdocs...')
#9 {main}
CRITICAL - 2020-12-07 02:37:15 --> Undefined index: posisi
#0 C:\xampp\htdocs\Look4Job\app\Views\pages\detail.php(8): CodeIgniter\Debug\Exceptions->errorHandler(8, 'Undefined index...', 'C:\\xampp\\htdocs...', 8, Array)
#1 C:\xampp\htdocs\Look4Job\vendor\codeigniter4\framework\system\View\View.php(246): include('C:\\xampp\\htdocs...')
#2 C:\xampp\htdocs\Look4Job\vendor\codeigniter4\framework\system\Common.php(1119): CodeIgniter\View\View->render('pages/detail', Array, true)
#3 C:\xampp\htdocs\Look4Job\app\Controllers\pages.php(46): view('pages/detail', Array)
#4 C:\xampp\htdocs\Look4Job\vendor\codeigniter4\framework\system\CodeIgniter.php(918): App\Controllers\Pages->detail()
#5 C:\xampp\htdocs\Look4Job\vendor\codeigniter4\framework\system\CodeIgniter.php(404): CodeIgniter\CodeIgniter->runController(Object(App\Controllers\Pages))
#6 C:\xampp\htdocs\Look4Job\vendor\codeigniter4\framework\system\CodeIgniter.php(312): CodeIgniter\CodeIgniter->handleRequest(NULL, Object(Config\Cache), false)
#7 C:\xampp\htdocs\Look4Job\public\index.php(45): CodeIgniter\CodeIgniter->run()
#8 C:\xampp\htdocs\Look4Job\vendor\codeigniter4\framework\system\Commands\Server\rewrite.php(34): require_once('C:\\xampp\\htdocs...')
#9 {main}
CRITICAL - 2020-12-07 02:37:34 --> Undefined index: posisi
#0 C:\xampp\htdocs\Look4Job\app\Views\pages\detail.php(8): CodeIgniter\Debug\Exceptions->errorHandler(8, 'Undefined index...', 'C:\\xampp\\htdocs...', 8, Array)
#1 C:\xampp\htdocs\Look4Job\vendor\codeigniter4\framework\system\View\View.php(246): include('C:\\xampp\\htdocs...')
#2 C:\xampp\htdocs\Look4Job\vendor\codeigniter4\framework\system\Common.php(1119): CodeIgniter\View\View->render('pages/detail', Array, true)
#3 C:\xampp\htdocs\Look4Job\app\Controllers\pages.php(46): view('pages/detail', Array)
#4 C:\xampp\htdocs\Look4Job\vendor\codeigniter4\framework\system\CodeIgniter.php(918): App\Controllers\Pages->detail()
#5 C:\xampp\htdocs\Look4Job\vendor\codeigniter4\framework\system\CodeIgniter.php(404): CodeIgniter\CodeIgniter->runController(Object(App\Controllers\Pages))
#6 C:\xampp\htdocs\Look4Job\vendor\codeigniter4\framework\system\CodeIgniter.php(312): CodeIgniter\CodeIgniter->handleRequest(NULL, Object(Config\Cache), false)
#7 C:\xampp\htdocs\Look4Job\public\index.php(45): CodeIgniter\CodeIgniter->run()
#8 C:\xampp\htdocs\Look4Job\vendor\codeigniter4\framework\system\Commands\Server\rewrite.php(34): require_once('C:\\xampp\\htdocs...')
#9 {main}
CRITICAL - 2020-12-07 02:38:14 --> Array to string conversion
#0 C:\xampp\htdocs\Look4Job\app\Views\pages\detail.php(9): CodeIgniter\Debug\Exceptions->errorHandler(8, 'Array to string...', 'C:\\xampp\\htdocs...', 9, Array)
#1 C:\xampp\htdocs\Look4Job\vendor\codeigniter4\framework\system\View\View.php(246): include('C:\\xampp\\htdocs...')
#2 C:\xampp\htdocs\Look4Job\vendor\codeigniter4\framework\system\Common.php(1119): CodeIgniter\View\View->render('pages/detail', Array, true)
#3 C:\xampp\htdocs\Look4Job\app\Controllers\pages.php(46): view('pages/detail', Array)
#4 C:\xampp\htdocs\Look4Job\vendor\codeigniter4\framework\system\CodeIgniter.php(918): App\Controllers\Pages->detail()
#5 C:\xampp\htdocs\Look4Job\vendor\codeigniter4\framework\system\CodeIgniter.php(404): CodeIgniter\CodeIgniter->runController(Object(App\Controllers\Pages))
#6 C:\xampp\htdocs\Look4Job\vendor\codeigniter4\framework\system\CodeIgniter.php(312): CodeIgniter\CodeIgniter->handleRequest(NULL, Object(Config\Cache), false)
#7 C:\xampp\htdocs\Look4Job\public\index.php(45): CodeIgniter\CodeIgniter->run()
#8 C:\xampp\htdocs\Look4Job\vendor\codeigniter4\framework\system\Commands\Server\rewrite.php(34): require_once('C:\\xampp\\htdocs...')
#9 {main}
CRITICAL - 2020-12-07 02:38:23 --> Undefined index: posisi
#0 C:\xampp\htdocs\Look4Job\app\Views\pages\detail.php(8): CodeIgniter\Debug\Exceptions->errorHandler(8, 'Undefined index...', 'C:\\xampp\\htdocs...', 8, Array)
#1 C:\xampp\htdocs\Look4Job\vendor\codeigniter4\framework\system\View\View.php(246): include('C:\\xampp\\htdocs...')
#2 C:\xampp\htdocs\Look4Job\vendor\codeigniter4\framework\system\Common.php(1119): CodeIgniter\View\View->render('pages/detail', Array, true)
#3 C:\xampp\htdocs\Look4Job\app\Controllers\pages.php(46): view('pages/detail', Array)
#4 C:\xampp\htdocs\Look4Job\vendor\codeigniter4\framework\system\CodeIgniter.php(918): App\Controllers\Pages->detail()
#5 C:\xampp\htdocs\Look4Job\vendor\codeigniter4\framework\system\CodeIgniter.php(404): CodeIgniter\CodeIgniter->runController(Object(App\Controllers\Pages))
#6 C:\xampp\htdocs\Look4Job\vendor\codeigniter4\framework\system\CodeIgniter.php(312): CodeIgniter\CodeIgniter->handleRequest(NULL, Object(Config\Cache), false)
#7 C:\xampp\htdocs\Look4Job\public\index.php(45): CodeIgniter\CodeIgniter->run()
#8 C:\xampp\htdocs\Look4Job\vendor\codeigniter4\framework\system\Commands\Server\rewrite.php(34): require_once('C:\\xampp\\htdocs...')
#9 {main}
CRITICAL - 2020-12-07 02:38:37 --> Undefined index: id
#0 C:\xampp\htdocs\Look4Job\app\Views\pages\detail.php(8): CodeIgniter\Debug\Exceptions->errorHandler(8, 'Undefined index...', 'C:\\xampp\\htdocs...', 8, Array)
#1 C:\xampp\htdocs\Look4Job\vendor\codeigniter4\framework\system\View\View.php(246): include('C:\\xampp\\htdocs...')
#2 C:\xampp\htdocs\Look4Job\vendor\codeigniter4\framework\system\Common.php(1119): CodeIgniter\View\View->render('pages/detail', Array, true)
#3 C:\xampp\htdocs\Look4Job\app\Controllers\pages.php(46): view('pages/detail', Array)
#4 C:\xampp\htdocs\Look4Job\vendor\codeigniter4\framework\system\CodeIgniter.php(918): App\Controllers\Pages->detail()
#5 C:\xampp\htdocs\Look4Job\vendor\codeigniter4\framework\system\CodeIgniter.php(404): CodeIgniter\CodeIgniter->runController(Object(App\Controllers\Pages))
#6 C:\xampp\htdocs\Look4Job\vendor\codeigniter4\framework\system\CodeIgniter.php(312): CodeIgniter\CodeIgniter->handleRequest(NULL, Object(Config\Cache), false)
#7 C:\xampp\htdocs\Look4Job\public\index.php(45): CodeIgniter\CodeIgniter->run()
#8 C:\xampp\htdocs\Look4Job\vendor\codeigniter4\framework\system\Commands\Server\rewrite.php(34): require_once('C:\\xampp\\htdocs...')
#9 {main}
CRITICAL - 2020-12-07 02:38:53 --> Use of undefined constant id - assumed 'id' (this will throw an Error in a future version of PHP)
#0 C:\xampp\htdocs\Look4Job\app\Views\pages\detail.php(8): CodeIgniter\Debug\Exceptions->errorHandler(2, 'Use of undefine...', 'C:\\xampp\\htdocs...', 8, Array)
#1 C:\xampp\htdocs\Look4Job\vendor\codeigniter4\framework\system\View\View.php(246): include('C:\\xampp\\htdocs...')
#2 C:\xampp\htdocs\Look4Job\vendor\codeigniter4\framework\system\Common.php(1119): CodeIgniter\View\View->render('pages/detail', Array, true)
#3 C:\xampp\htdocs\Look4Job\app\Controllers\pages.php(46): view('pages/detail', Array)
#4 C:\xampp\htdocs\Look4Job\vendor\codeigniter4\framework\system\CodeIgniter.php(918): App\Controllers\Pages->detail()
#5 C:\xampp\htdocs\Look4Job\vendor\codeigniter4\framework\system\CodeIgniter.php(404): CodeIgniter\CodeIgniter->runController(Object(App\Controllers\Pages))
#6 C:\xampp\htdocs\Look4Job\vendor\codeigniter4\framework\system\CodeIgniter.php(312): CodeIgniter\CodeIgniter->handleRequest(NULL, Object(Config\Cache), false)
#7 C:\xampp\htdocs\Look4Job\public\index.php(45): CodeIgniter\CodeIgniter->run()
#8 C:\xampp\htdocs\Look4Job\vendor\codeigniter4\framework\system\Commands\Server\rewrite.php(34): require_once('C:\\xampp\\htdocs...')
#9 {main}
CRITICAL - 2020-12-07 02:39:15 --> Undefined index: posisi
#0 C:\xampp\htdocs\Look4Job\app\Views\pages\detail.php(8): CodeIgniter\Debug\Exceptions->errorHandler(8, 'Undefined index...', 'C:\\xampp\\htdocs...', 8, Array)
#1 C:\xampp\htdocs\Look4Job\vendor\codeigniter4\framework\system\View\View.php(246): include('C:\\xampp\\htdocs...')
#2 C:\xampp\htdocs\Look4Job\vendor\codeigniter4\framework\system\Common.php(1119): CodeIgniter\View\View->render('pages/detail', Array, true)
#3 C:\xampp\htdocs\Look4Job\app\Controllers\pages.php(46): view('pages/detail', Array)
#4 C:\xampp\htdocs\Look4Job\vendor\codeigniter4\framework\system\CodeIgniter.php(918): App\Controllers\Pages->detail()
#5 C:\xampp\htdocs\Look4Job\vendor\codeigniter4\framework\system\CodeIgniter.php(404): CodeIgniter\CodeIgniter->runController(Object(App\Controllers\Pages))
#6 C:\xampp\htdocs\Look4Job\vendor\codeigniter4\framework\system\CodeIgniter.php(312): CodeIgniter\CodeIgniter->handleRequest(NULL, Object(Config\Cache), false)
#7 C:\xampp\htdocs\Look4Job\public\index.php(45): CodeIgniter\CodeIgniter->run()
#8 C:\xampp\htdocs\Look4Job\vendor\codeigniter4\framework\system\Commands\Server\rewrite.php(34): require_once('C:\\xampp\\htdocs...')
#9 {main}
CRITICAL - 2020-12-07 02:50:40 --> Undefined index: posisi
#0 C:\xampp\htdocs\Look4Job\app\Views\pages\detail.php(8): CodeIgniter\Debug\Exceptions->errorHandler(8, 'Undefined index...', 'C:\\xampp\\htdocs...', 8, Array)
#1 C:\xampp\htdocs\Look4Job\vendor\codeigniter4\framework\system\View\View.php(246): include('C:\\xampp\\htdocs...')
#2 C:\xampp\htdocs\Look4Job\vendor\codeigniter4\framework\system\Common.php(1119): CodeIgniter\View\View->render('pages/detail', Array, true)
#3 C:\xampp\htdocs\Look4Job\app\Controllers\pages.php(46): view('pages/detail', Array)
#4 C:\xampp\htdocs\Look4Job\vendor\codeigniter4\framework\system\CodeIgniter.php(918): App\Controllers\Pages->detail()
#5 C:\xampp\htdocs\Look4Job\vendor\codeigniter4\framework\system\CodeIgniter.php(404): CodeIgniter\CodeIgniter->runController(Object(App\Controllers\Pages))
#6 C:\xampp\htdocs\Look4Job\vendor\codeigniter4\framework\system\CodeIgniter.php(312): CodeIgniter\CodeIgniter->handleRequest(NULL, Object(Config\Cache), false)
#7 C:\xampp\htdocs\Look4Job\public\index.php(45): CodeIgniter\CodeIgniter->run()
#8 C:\xampp\htdocs\Look4Job\vendor\codeigniter4\framework\system\Commands\Server\rewrite.php(34): require_once('C:\\xampp\\htdocs...')
#9 {main}
CRITICAL - 2020-12-07 02:50:50 --> Use of undefined constant job - assumed 'job' (this will throw an Error in a future version of PHP)
#0 C:\xampp\htdocs\Look4Job\app\Views\pages\detail.php(8): CodeIgniter\Debug\Exceptions->errorHandler(2, 'Use of undefine...', 'C:\\xampp\\htdocs...', 8, Array)
#1 C:\xampp\htdocs\Look4Job\vendor\codeigniter4\framework\system\View\View.php(246): include('C:\\xampp\\htdocs...')
#2 C:\xampp\htdocs\Look4Job\vendor\codeigniter4\framework\system\Common.php(1119): CodeIgniter\View\View->render('pages/detail', Array, true)
#3 C:\xampp\htdocs\Look4Job\app\Controllers\pages.php(46): view('pages/detail', Array)
#4 C:\xampp\htdocs\Look4Job\vendor\codeigniter4\framework\system\CodeIgniter.php(918): App\Controllers\Pages->detail()
#5 C:\xampp\htdocs\Look4Job\vendor\codeigniter4\framework\system\CodeIgniter.php(404): CodeIgniter\CodeIgniter->runController(Object(App\Controllers\Pages))
#6 C:\xampp\htdocs\Look4Job\vendor\codeigniter4\framework\system\CodeIgniter.php(312): CodeIgniter\CodeIgniter->handleRequest(NULL, Object(Config\Cache), false)
#7 C:\xampp\htdocs\Look4Job\public\index.php(45): CodeIgniter\CodeIgniter->run()
#8 C:\xampp\htdocs\Look4Job\vendor\codeigniter4\framework\system\Commands\Server\rewrite.php(34): require_once('C:\\xampp\\htdocs...')
#9 {main}
CRITICAL - 2020-12-07 02:50:57 --> Undefined index: posisi
#0 C:\xampp\htdocs\Look4Job\app\Views\pages\detail.php(8): CodeIgniter\Debug\Exceptions->errorHandler(8, 'Undefined index...', 'C:\\xampp\\htdocs...', 8, Array)
#1 C:\xampp\htdocs\Look4Job\vendor\codeigniter4\framework\system\View\View.php(246): include('C:\\xampp\\htdocs...')
#2 C:\xampp\htdocs\Look4Job\vendor\codeigniter4\framework\system\Common.php(1119): CodeIgniter\View\View->render('pages/detail', Array, true)
#3 C:\xampp\htdocs\Look4Job\app\Controllers\pages.php(46): view('pages/detail', Array)
#4 C:\xampp\htdocs\Look4Job\vendor\codeigniter4\framework\system\CodeIgniter.php(918): App\Controllers\Pages->detail()
#5 C:\xampp\htdocs\Look4Job\vendor\codeigniter4\framework\system\CodeIgniter.php(404): CodeIgniter\CodeIgniter->runController(Object(App\Controllers\Pages))
#6 C:\xampp\htdocs\Look4Job\vendor\codeigniter4\framework\system\CodeIgniter.php(312): CodeIgniter\CodeIgniter->handleRequest(NULL, Object(Config\Cache), false)
#7 C:\xampp\htdocs\Look4Job\public\index.php(45): CodeIgniter\CodeIgniter->run()
#8 C:\xampp\htdocs\Look4Job\vendor\codeigniter4\framework\system\Commands\Server\rewrite.php(34): require_once('C:\\xampp\\htdocs...')
#9 {main}
CRITICAL - 2020-12-07 03:06:59 --> Undefined index: Deskripsi
#0 C:\xampp\htdocs\Look4Job\app\Views\pages\detail.php(21): CodeIgniter\Debug\Exceptions->errorHandler(8, 'Undefined index...', 'C:\\xampp\\htdocs...', 21, Array)
#1 C:\xampp\htdocs\Look4Job\vendor\codeigniter4\framework\system\View\View.php(246): include('C:\\xampp\\htdocs...')
#2 C:\xampp\htdocs\Look4Job\vendor\codeigniter4\framework\system\Common.php(1119): CodeIgniter\View\View->render('pages/detail', Array, true)
#3 C:\xampp\htdocs\Look4Job\app\Controllers\pages.php(46): view('pages/detail', Array)
#4 C:\xampp\htdocs\Look4Job\vendor\codeigniter4\framework\system\CodeIgniter.php(918): App\Controllers\Pages->detail()
#5 C:\xampp\htdocs\Look4Job\vendor\codeigniter4\framework\system\CodeIgniter.php(404): CodeIgniter\CodeIgniter->runController(Object(App\Controllers\Pages))
#6 C:\xampp\htdocs\Look4Job\vendor\codeigniter4\framework\system\CodeIgniter.php(312): CodeIgniter\CodeIgniter->handleRequest(NULL, Object(Config\Cache), false)
#7 C:\xampp\htdocs\Look4Job\public\index.php(45): CodeIgniter\CodeIgniter->run()
#8 C:\xampp\htdocs\Look4Job\vendor\codeigniter4\framework\system\Commands\Server\rewrite.php(34): require_once('C:\\xampp\\htdocs...')
#9 {main}
CRITICAL - 2020-12-07 03:14:46 --> syntax error, unexpected '$job' (T_VARIABLE), expecting ';' or ','
#0 C:\xampp\htdocs\Look4Job\vendor\codeigniter4\framework\system\Common.php(1119): CodeIgniter\View\View->render('pages/detail', Array, true)
#1 C:\xampp\htdocs\Look4Job\app\Controllers\pages.php(46): view('pages/detail', Array)
#2 C:\xampp\htdocs\Look4Job\vendor\codeigniter4\framework\system\CodeIgniter.php(918): App\Controllers\Pages->detail()
#3 C:\xampp\htdocs\Look4Job\vendor\codeigniter4\framework\system\CodeIgniter.php(404): CodeIgniter\CodeIgniter->runController(Object(App\Controllers\Pages))
#4 C:\xampp\htdocs\Look4Job\vendor\codeigniter4\framework\system\CodeIgniter.php(312): CodeIgniter\CodeIgniter->handleRequest(NULL, Object(Config\Cache), false)
#5 C:\xampp\htdocs\Look4Job\public\index.php(45): CodeIgniter\CodeIgniter->run()
#6 C:\xampp\htdocs\Look4Job\vendor\codeigniter4\framework\system\Commands\Server\rewrite.php(34): require_once('C:\\xampp\\htdocs...')
#7 {main}
CRITICAL - 2020-12-07 07:20:17 --> Undefined variable: validation
#0 C:\xampp\htdocs\Look4Job\app\Views\pages\createPerusahaan.php(47): CodeIgniter\Debug\Exceptions->errorHandler(8, 'Undefined varia...', 'C:\\xampp\\htdocs...', 47, Array)
#1 C:\xampp\htdocs\Look4Job\vendor\codeigniter4\framework\system\View\View.php(246): include('C:\\xampp\\htdocs...')
#2 C:\xampp\htdocs\Look4Job\vendor\codeigniter4\framework\system\Common.php(1119): CodeIgniter\View\View->render('pages/createPer...', Array, true)
#3 C:\xampp\htdocs\Look4Job\app\Controllers\pages.php(56): view('pages/createPer...', Array)
#4 C:\xampp\htdocs\Look4Job\vendor\codeigniter4\framework\system\CodeIgniter.php(918): App\Controllers\Pages->createPerusahaan()
#5 C:\xampp\htdocs\Look4Job\vendor\codeigniter4\framework\system\CodeIgniter.php(404): CodeIgniter\CodeIgniter->runController(Object(App\Controllers\Pages))
#6 C:\xampp\htdocs\Look4Job\vendor\codeigniter4\framework\system\CodeIgniter.php(312): CodeIgniter\CodeIgniter->handleRequest(NULL, Object(Config\Cache), false)
#7 C:\xampp\htdocs\Look4Job\public\index.php(45): CodeIgniter\CodeIgniter->run()
#8 C:\xampp\htdocs\Look4Job\vendor\codeigniter4\framework\system\Commands\Server\rewrite.php(34): require_once('C:\\xampp\\htdocs...')
#9 {main}
CRITICAL - 2020-12-07 07:21:17 --> Undefined variable: validation
#0 C:\xampp\htdocs\Look4Job\app\Views\pages\createPerusahaan.php(49): CodeIgniter\Debug\Exceptions->errorHandler(8, 'Undefined varia...', 'C:\\xampp\\htdocs...', 49, Array)
#1 C:\xampp\htdocs\Look4Job\vendor\codeigniter4\framework\system\View\View.php(246): include('C:\\xampp\\htdocs...')
#2 C:\xampp\htdocs\Look4Job\vendor\codeigniter4\framework\system\Common.php(1119): CodeIgniter\View\View->render('pages/createPer...', Array, true)
#3 C:\xampp\htdocs\Look4Job\app\Controllers\pages.php(56): view('pages/createPer...', Array)
#4 C:\xampp\htdocs\Look4Job\vendor\codeigniter4\framework\system\CodeIgniter.php(918): App\Controllers\Pages->createPerusahaan()
#5 C:\xampp\htdocs\Look4Job\vendor\codeigniter4\framework\system\CodeIgniter.php(404): CodeIgniter\CodeIgniter->runController(Object(App\Controllers\Pages))
#6 C:\xampp\htdocs\Look4Job\vendor\codeigniter4\framework\system\CodeIgniter.php(312): CodeIgniter\CodeIgniter->handleRequest(NULL, Object(Config\Cache), false)
#7 C:\xampp\htdocs\Look4Job\public\index.php(45): CodeIgniter\CodeIgniter->run()
#8 C:\xampp\htdocs\Look4Job\vendor\codeigniter4\framework\system\Commands\Server\rewrite.php(34): require_once('C:\\xampp\\htdocs...')
#9 {main}
CRITICAL - 2020-12-07 07:55:40 --> Table 'look4jobapp.comics' doesn't exist
#0 C:\xampp\htdocs\Look4Job\vendor\codeigniter4\framework\system\Database\MySQLi\Connection.php(331): mysqli->query('SELECT 1\nFROM `...')
#1 C:\xampp\htdocs\Look4Job\vendor\codeigniter4\framework\system\Database\BaseConnection.php(741): CodeIgniter\Database\MySQLi\Connection->execute('SELECT 1\nFROM `...')
#2 C:\xampp\htdocs\Look4Job\vendor\codeigniter4\framework\system\Database\BaseConnection.php(669): CodeIgniter\Database\BaseConnection->simpleQuery('SELECT 1\nFROM `...')
#3 C:\xampp\htdocs\Look4Job\vendor\codeigniter4\framework\system\Database\BaseBuilder.php(1860): CodeIgniter\Database\BaseConnection->query('SELECT 1\nFROM `...', Array, false)
#4 C:\xampp\htdocs\Look4Job\vendor\codeigniter4\framework\system\Validation\Rules.php(240): CodeIgniter\Database\BaseBuilder->get()
#5 C:\xampp\htdocs\Look4Job\vendor\codeigniter4\framework\system\Validation\Validation.php(325): CodeIgniter\Validation\Rules->is_unique('tescoba', 'judul', Array, NULL)
#6 C:\xampp\htdocs\Look4Job\vendor\codeigniter4\framework\system\Validation\Validation.php(189): CodeIgniter\Validation\Validation->processRules('nama_perusahaan', 'nama_perusahaan', 'tescoba', Array, Array)
#7 C:\xampp\htdocs\Look4Job\vendor\codeigniter4\framework\system\Controller.php(219): CodeIgniter\Validation\Validation->run()
#8 C:\xampp\htdocs\Look4Job\app\Controllers\pages.php(64): CodeIgniter\Controller->validate(Array)
#9 C:\xampp\htdocs\Look4Job\vendor\codeigniter4\framework\system\CodeIgniter.php(918): App\Controllers\Pages->savePerusahaan()
#10 C:\xampp\htdocs\Look4Job\vendor\codeigniter4\framework\system\CodeIgniter.php(404): CodeIgniter\CodeIgniter->runController(Object(App\Controllers\Pages))
#11 C:\xampp\htdocs\Look4Job\vendor\codeigniter4\framework\system\CodeIgniter.php(312): CodeIgniter\CodeIgniter->handleRequest(NULL, Object(Config\Cache), false)
#12 C:\xampp\htdocs\Look4Job\public\index.php(45): CodeIgniter\CodeIgniter->run()
#13 C:\xampp\htdocs\Look4Job\vendor\codeigniter4\framework\system\Commands\Server\rewrite.php(34): require_once('C:\\xampp\\htdocs...')
#14 {main}
CRITICAL - 2020-12-07 08:30:39 --> Allowed fields must be specified for model: App\Models\jobsModel
#0 C:\xampp\htdocs\Look4Job\vendor\codeigniter4\framework\system\Model.php(1265): CodeIgniter\Database\Exceptions\DataException::forInvalidAllowedFields('App\\Models\\jobs...')
#1 C:\xampp\htdocs\Look4Job\vendor\codeigniter4\framework\system\Model.php(735): CodeIgniter\Model->doProtectFields(Array)
#2 C:\xampp\htdocs\Look4Job\vendor\codeigniter4\framework\system\Model.php(574): CodeIgniter\Model->insert(Array, false)
#3 C:\xampp\htdocs\Look4Job\app\Controllers\pages.php(123): CodeIgniter\Model->save(Array)
#4 C:\xampp\htdocs\Look4Job\vendor\codeigniter4\framework\system\CodeIgniter.php(918): App\Controllers\Pages->savePerusahaan()
#5 C:\xampp\htdocs\Look4Job\vendor\codeigniter4\framework\system\CodeIgniter.php(404): CodeIgniter\CodeIgniter->runController(Object(App\Controllers\Pages))
#6 C:\xampp\htdocs\Look4Job\vendor\codeigniter4\framework\system\CodeIgniter.php(312): CodeIgniter\CodeIgniter->handleRequest(NULL, Object(Config\Cache), false)
#7 C:\xampp\htdocs\Look4Job\public\index.php(45): CodeIgniter\CodeIgniter->run()
#8 C:\xampp\htdocs\Look4Job\vendor\codeigniter4\framework\system\Commands\Server\rewrite.php(34): require_once('C:\\xampp\\htdocs...')
#9 {main}
CRITICAL - 2020-12-07 08:35:21 --> You must set the database table to be used with your query.
#0 C:\xampp\htdocs\Look4Job\vendor\codeigniter4\framework\system\Model.php(1237): CodeIgniter\Database\BaseConnection->table(NULL)
#1 C:\xampp\htdocs\Look4Job\vendor\codeigniter4\framework\system\Model.php(753): CodeIgniter\Model->builder()
#2 C:\xampp\htdocs\Look4Job\vendor\codeigniter4\framework\system\Model.php(574): CodeIgniter\Model->insert(Array, false)
#3 C:\xampp\htdocs\Look4Job\app\Controllers\pages.php(123): CodeIgniter\Model->save(Array)
#4 C:\xampp\htdocs\Look4Job\vendor\codeigniter4\framework\system\CodeIgniter.php(918): App\Controllers\Pages->savePerusahaan()
#5 C:\xampp\htdocs\Look4Job\vendor\codeigniter4\framework\system\CodeIgniter.php(404): CodeIgniter\CodeIgniter->runController(Object(App\Controllers\Pages))
#6 C:\xampp\htdocs\Look4Job\vendor\codeigniter4\framework\system\CodeIgniter.php(312): CodeIgniter\CodeIgniter->handleRequest(NULL, Object(Config\Cache), false)
#7 C:\xampp\htdocs\Look4Job\public\index.php(45): CodeIgniter\CodeIgniter->run()
#8 C:\xampp\htdocs\Look4Job\vendor\codeigniter4\framework\system\Commands\Server\rewrite.php(34): require_once('C:\\xampp\\htdocs...')
#9 {main}
CRITICAL - 2020-12-07 08:36:22 --> Unknown column 'email' in 'field list'
#0 C:\xampp\htdocs\Look4Job\vendor\codeigniter4\framework\system\Database\MySQLi\Connection.php(331): mysqli->query('INSERT INTO `pe...')
#1 C:\xampp\htdocs\Look4Job\vendor\codeigniter4\framework\system\Database\BaseConnection.php(741): CodeIgniter\Database\MySQLi\Connection->execute('INSERT INTO `pe...')
#2 C:\xampp\htdocs\Look4Job\vendor\codeigniter4\framework\system\Database\BaseConnection.php(669): CodeIgniter\Database\BaseConnection->simpleQuery('INSERT INTO `pe...')
#3 C:\xampp\htdocs\Look4Job\vendor\codeigniter4\framework\system\Database\BaseBuilder.php(2249): CodeIgniter\Database\BaseConnection->query('INSERT INTO `pe...', Array, false)
#4 C:\xampp\htdocs\Look4Job\vendor\codeigniter4\framework\system\Model.php(755): CodeIgniter\Database\BaseBuilder->insert()
#5 C:\xampp\htdocs\Look4Job\vendor\codeigniter4\framework\system\Model.php(574): CodeIgniter\Model->insert(Array, false)
#6 C:\xampp\htdocs\Look4Job\app\Controllers\pages.php(123): CodeIgniter\Model->save(Array)
#7 C:\xampp\htdocs\Look4Job\vendor\codeigniter4\framework\system\CodeIgniter.php(918): App\Controllers\Pages->savePerusahaan()
#8 C:\xampp\htdocs\Look4Job\vendor\codeigniter4\framework\system\CodeIgniter.php(404): CodeIgniter\CodeIgniter->runController(Object(App\Controllers\Pages))
#9 C:\xampp\htdocs\Look4Job\vendor\codeigniter4\framework\system\CodeIgniter.php(312): CodeIgniter\CodeIgniter->handleRequest(NULL, Object(Config\Cache), false)
#10 C:\xampp\htdocs\Look4Job\public\index.php(45): CodeIgniter\CodeIgniter->run()
#11 C:\xampp\htdocs\Look4Job\vendor\codeigniter4\framework\system\Commands\Server\rewrite.php(34): require_once('C:\\xampp\\htdocs...')
#12 {main}
CRITICAL - 2020-12-07 08:37:44 --> Unknown column 'created_at' in 'field list'
#0 C:\xampp\htdocs\Look4Job\vendor\codeigniter4\framework\system\Database\MySQLi\Connection.php(331): mysqli->query('INSERT INTO `pe...')
#1 C:\xampp\htdocs\Look4Job\vendor\codeigniter4\framework\system\Database\BaseConnection.php(741): CodeIgniter\Database\MySQLi\Connection->execute('INSERT INTO `pe...')
#2 C:\xampp\htdocs\Look4Job\vendor\codeigniter4\framework\system\Database\BaseConnection.php(669): CodeIgniter\Database\BaseConnection->simpleQuery('INSERT INTO `pe...')
#3 C:\xampp\htdocs\Look4Job\vendor\codeigniter4\framework\system\Database\BaseBuilder.php(2249): CodeIgniter\Database\BaseConnection->query('INSERT INTO `pe...', Array, false)
#4 C:\xampp\htdocs\Look4Job\vendor\codeigniter4\framework\system\Model.php(755): CodeIgniter\Database\BaseBuilder->insert()
#5 C:\xampp\htdocs\Look4Job\vendor\codeigniter4\framework\system\Model.php(574): CodeIgniter\Model->insert(Array, false)
#6 C:\xampp\htdocs\Look4Job\app\Controllers\pages.php(123): CodeIgniter\Model->save(Array)
#7 C:\xampp\htdocs\Look4Job\vendor\codeigniter4\framework\system\CodeIgniter.php(918): App\Controllers\Pages->savePerusahaan()
#8 C:\xampp\htdocs\Look4Job\vendor\codeigniter4\framework\system\CodeIgniter.php(404): CodeIgniter\CodeIgniter->runController(Object(App\Controllers\Pages))
#9 C:\xampp\htdocs\Look4Job\vendor\codeigniter4\framework\system\CodeIgniter.php(312): CodeIgniter\CodeIgniter->handleRequest(NULL, Object(Config\Cache), false)
#10 C:\xampp\htdocs\Look4Job\public\index.php(45): CodeIgniter\CodeIgniter->run()
#11 C:\xampp\htdocs\Look4Job\vendor\codeigniter4\framework\system\Commands\Server\rewrite.php(34): require_once('C:\\xampp\\htdocs...')
#12 {main}
CRITICAL - 2020-12-07 08:38:29 --> Column 'tahun_berdiri' cannot be null
#0 C:\xampp\htdocs\Look4Job\vendor\codeigniter4\framework\system\Database\MySQLi\Connection.php(331): mysqli->query('INSERT INTO `pe...')
#1 C:\xampp\htdocs\Look4Job\vendor\codeigniter4\framework\system\Database\BaseConnection.php(741): CodeIgniter\Database\MySQLi\Connection->execute('INSERT INTO `pe...')
#2 C:\xampp\htdocs\Look4Job\vendor\codeigniter4\framework\system\Database\BaseConnection.php(669): CodeIgniter\Database\BaseConnection->simpleQuery('INSERT INTO `pe...')
#3 C:\xampp\htdocs\Look4Job\vendor\codeigniter4\framework\system\Database\BaseBuilder.php(2249): CodeIgniter\Database\BaseConnection->query('INSERT INTO `pe...', Array, false)
#4 C:\xampp\htdocs\Look4Job\vendor\codeigniter4\framework\system\Model.php(755): CodeIgniter\Database\BaseBuilder->insert()
#5 C:\xampp\htdocs\Look4Job\vendor\codeigniter4\framework\system\Model.php(574): CodeIgniter\Model->insert(Array, false)
#6 C:\xampp\htdocs\Look4Job\app\Controllers\pages.php(123): CodeIgniter\Model->save(Array)
#7 C:\xampp\htdocs\Look4Job\vendor\codeigniter4\framework\system\CodeIgniter.php(918): App\Controllers\Pages->savePerusahaan()
#8 C:\xampp\htdocs\Look4Job\vendor\codeigniter4\framework\system\CodeIgniter.php(404): CodeIgniter\CodeIgniter->runController(Object(App\Controllers\Pages))
#9 C:\xampp\htdocs\Look4Job\vendor\codeigniter4\framework\system\CodeIgniter.php(312): CodeIgniter\CodeIgniter->handleRequest(NULL, Object(Config\Cache), false)
#10 C:\xampp\htdocs\Look4Job\public\index.php(45): CodeIgniter\CodeIgniter->run()
#11 C:\xampp\htdocs\Look4Job\vendor\codeigniter4\framework\system\Commands\Server\rewrite.php(34): require_once('C:\\xampp\\htdocs...')
#12 {main}
CRITICAL - 2020-12-07 08:39:37 --> Column 'tahun_berdiri' cannot be null
#0 C:\xampp\htdocs\Look4Job\vendor\codeigniter4\framework\system\Database\MySQLi\Connection.php(331): mysqli->query('INSERT INTO `pe...')
#1 C:\xampp\htdocs\Look4Job\vendor\codeigniter4\framework\system\Database\BaseConnection.php(741): CodeIgniter\Database\MySQLi\Connection->execute('INSERT INTO `pe...')
#2 C:\xampp\htdocs\Look4Job\vendor\codeigniter4\framework\system\Database\BaseConnection.php(669): CodeIgniter\Database\BaseConnection->simpleQuery('INSERT INTO `pe...')
#3 C:\xampp\htdocs\Look4Job\vendor\codeigniter4\framework\system\Database\BaseBuilder.php(2249): CodeIgniter\Database\BaseConnection->query('INSERT INTO `pe...', Array, false)
#4 C:\xampp\htdocs\Look4Job\vendor\codeigniter4\framework\system\Model.php(755): CodeIgniter\Database\BaseBuilder->insert()
#5 C:\xampp\htdocs\Look4Job\vendor\codeigniter4\framework\system\Model.php(574): CodeIgniter\Model->insert(Array, false)
#6 C:\xampp\htdocs\Look4Job\app\Controllers\pages.php(123): CodeIgniter\Model->save(Array)
#7 C:\xampp\htdocs\Look4Job\vendor\codeigniter4\framework\system\CodeIgniter.php(918): App\Controllers\Pages->savePerusahaan()
#8 C:\xampp\htdocs\Look4Job\vendor\codeigniter4\framework\system\CodeIgniter.php(404): CodeIgniter\CodeIgniter->runController(Object(App\Controllers\Pages))
#9 C:\xampp\htdocs\Look4Job\vendor\codeigniter4\framework\system\CodeIgniter.php(312): CodeIgniter\CodeIgniter->handleRequest(NULL, Object(Config\Cache), false)
#10 C:\xampp\htdocs\Look4Job\public\index.php(45): CodeIgniter\CodeIgniter->run()
#11 C:\xampp\htdocs\Look4Job\vendor\codeigniter4\framework\system\Commands\Server\rewrite.php(34): require_once('C:\\xampp\\htdocs...')
#12 {main}
CRITICAL - 2020-12-07 08:42:50 --> Column 'email_perusahaan' cannot be null
#0 C:\xampp\htdocs\Look4Job\vendor\codeigniter4\framework\system\Database\MySQLi\Connection.php(331): mysqli->query('INSERT INTO `pe...')
#1 C:\xampp\htdocs\Look4Job\vendor\codeigniter4\framework\system\Database\BaseConnection.php(741): CodeIgniter\Database\MySQLi\Connection->execute('INSERT INTO `pe...')
#2 C:\xampp\htdocs\Look4Job\vendor\codeigniter4\framework\system\Database\BaseConnection.php(669): CodeIgniter\Database\BaseConnection->simpleQuery('INSERT INTO `pe...')
#3 C:\xampp\htdocs\Look4Job\vendor\codeigniter4\framework\system\Database\BaseBuilder.php(2249): CodeIgniter\Database\BaseConnection->query('INSERT INTO `pe...', Array, false)
#4 C:\xampp\htdocs\Look4Job\vendor\codeigniter4\framework\system\Model.php(755): CodeIgniter\Database\BaseBuilder->insert()
#5 C:\xampp\htdocs\Look4Job\vendor\codeigniter4\framework\system\Model.php(574): CodeIgniter\Model->insert(Array, false)
#6 C:\xampp\htdocs\Look4Job\app\Controllers\pages.php(123): CodeIgniter\Model->save(Array)
#7 C:\xampp\htdocs\Look4Job\vendor\codeigniter4\framework\system\CodeIgniter.php(918): App\Controllers\Pages->savePerusahaan()
#8 C:\xampp\htdocs\Look4Job\vendor\codeigniter4\framework\system\CodeIgniter.php(404): CodeIgniter\CodeIgniter->runController(Object(App\Controllers\Pages))
#9 C:\xampp\htdocs\Look4Job\vendor\codeigniter4\framework\system\CodeIgniter.php(312): CodeIgniter\CodeIgniter->handleRequest(NULL, Object(Config\Cache), false)
#10 C:\xampp\htdocs\Look4Job\public\index.php(45): CodeIgniter\CodeIgniter->run()
#11 C:\xampp\htdocs\Look4Job\vendor\codeigniter4\framework\system\Commands\Server\rewrite.php(34): require_once('C:\\xampp\\htdocs...')
#12 {main}
CRITICAL - 2020-12-07 08:49:02 --> Column 'password' cannot be null
#0 C:\xampp\htdocs\Look4Job\vendor\codeigniter4\framework\system\Database\MySQLi\Connection.php(331): mysqli->query('INSERT INTO `pe...')
#1 C:\xampp\htdocs\Look4Job\vendor\codeigniter4\framework\system\Database\BaseConnection.php(741): CodeIgniter\Database\MySQLi\Connection->execute('INSERT INTO `pe...')
#2 C:\xampp\htdocs\Look4Job\vendor\codeigniter4\framework\system\Database\BaseConnection.php(669): CodeIgniter\Database\BaseConnection->simpleQuery('INSERT INTO `pe...')
#3 C:\xampp\htdocs\Look4Job\vendor\codeigniter4\framework\system\Database\BaseBuilder.php(2249): CodeIgniter\Database\BaseConnection->query('INSERT INTO `pe...', Array, false)
#4 C:\xampp\htdocs\Look4Job\vendor\codeigniter4\framework\system\Model.php(755): CodeIgniter\Database\BaseBuilder->insert()
#5 C:\xampp\htdocs\Look4Job\vendor\codeigniter4\framework\system\Model.php(574): CodeIgniter\Model->insert(Array, false)
#6 C:\xampp\htdocs\Look4Job\app\Controllers\pages.php(123): CodeIgniter\Model->save(Array)
#7 C:\xampp\htdocs\Look4Job\vendor\codeigniter4\framework\system\CodeIgniter.php(918): App\Controllers\Pages->savePerusahaan()
#8 C:\xampp\htdocs\Look4Job\vendor\codeigniter4\framework\system\CodeIgniter.php(404): CodeIgniter\CodeIgniter->runController(Object(App\Controllers\Pages))
#9 C:\xampp\htdocs\Look4Job\vendor\codeigniter4\framework\system\CodeIgniter.php(312): CodeIgniter\CodeIgniter->handleRequest(NULL, Object(Config\Cache), false)
#10 C:\xampp\htdocs\Look4Job\public\index.php(45): CodeIgniter\CodeIgniter->run()
#11 C:\xampp\htdocs\Look4Job\vendor\codeigniter4\framework\system\Commands\Server\rewrite.php(34): require_once('C:\\xampp\\htdocs...')
#12 {main}
CRITICAL - 2020-12-07 11:45:03 --> Undefined offset: 1
#0 C:\xampp\htdocs\Look4Job\app\Views\pages\profil.php(10): CodeIgniter\Debug\Exceptions->errorHandler(8, 'Undefined offse...', 'C:\\xampp\\htdocs...', 10, Array)
#1 C:\xampp\htdocs\Look4Job\vendor\codeigniter4\framework\system\View\View.php(246): include('C:\\xampp\\htdocs...')
#2 C:\xampp\htdocs\Look4Job\vendor\codeigniter4\framework\system\Common.php(1119): CodeIgniter\View\View->render('pages/profil', Array, true)
#3 C:\xampp\htdocs\Look4Job\app\Controllers\pages.php(130): view('pages/profil', Array)
#4 C:\xampp\htdocs\Look4Job\vendor\codeigniter4\framework\system\CodeIgniter.php(918): App\Controllers\Pages->profil()
#5 C:\xampp\htdocs\Look4Job\vendor\codeigniter4\framework\system\CodeIgniter.php(404): CodeIgniter\CodeIgniter->runController(Object(App\Controllers\Pages))
#6 C:\xampp\htdocs\Look4Job\vendor\codeigniter4\framework\system\CodeIgniter.php(312): CodeIgniter\CodeIgniter->handleRequest(NULL, Object(Config\Cache), false)
#7 C:\xampp\htdocs\Look4Job\public\index.php(45): CodeIgniter\CodeIgniter->run()
#8 C:\xampp\htdocs\Look4Job\vendor\codeigniter4\framework\system\Commands\Server\rewrite.php(34): require_once('C:\\xampp\\htdocs...')
#9 {main}
CRITICAL - 2020-12-07 12:02:31 --> Unknown column 'jobs .id_perusahaan' in 'where clause'
#0 C:\xampp\htdocs\Look4Job\vendor\codeigniter4\framework\system\Database\MySQLi\Connection.php(331): mysqli->query('SELECT *\nFROM `...')
#1 C:\xampp\htdocs\Look4Job\vendor\codeigniter4\framework\system\Database\BaseConnection.php(741): CodeIgniter\Database\MySQLi\Connection->execute('SELECT *\nFROM `...')
#2 C:\xampp\htdocs\Look4Job\vendor\codeigniter4\framework\system\Database\BaseConnection.php(669): CodeIgniter\Database\BaseConnection->simpleQuery('SELECT *\nFROM `...')
#3 C:\xampp\htdocs\Look4Job\vendor\codeigniter4\framework\system\Database\BaseBuilder.php(1860): CodeIgniter\Database\BaseConnection->query('SELECT *\nFROM `...', Array, false)
#4 C:\xampp\htdocs\Look4Job\app\Models\jobsModel.php(28): CodeIgniter\Database\BaseBuilder->get()
#5 C:\xampp\htdocs\Look4Job\app\Controllers\pages.php(19): App\Models\jobsModel->getJobs()
#6 C:\xampp\htdocs\Look4Job\vendor\codeigniter4\framework\system\CodeIgniter.php(918): App\Controllers\Pages->index()
#7 C:\xampp\htdocs\Look4Job\vendor\codeigniter4\framework\system\CodeIgniter.php(404): CodeIgniter\CodeIgniter->runController(Object(App\Controllers\Pages))
#8 C:\xampp\htdocs\Look4Job\vendor\codeigniter4\framework\system\CodeIgniter.php(312): CodeIgniter\CodeIgniter->handleRequest(NULL, Object(Config\Cache), false)
#9 C:\xampp\htdocs\Look4Job\public\index.php(45): CodeIgniter\CodeIgniter->run()
#10 C:\xampp\htdocs\Look4Job\vendor\codeigniter4\framework\system\Commands\Server\rewrite.php(34): require_once('C:\\xampp\\htdocs...')
#11 {main}
CRITICAL - 2020-12-07 12:06:18 --> Object of class CodeIgniter\Database\MySQLi\Result could not be converted to string
#0 C:\xampp\htdocs\Look4Job\app\Controllers\pages.php(19): App\Models\jobsModel->getJobs()
#1 C:\xampp\htdocs\Look4Job\vendor\codeigniter4\framework\system\CodeIgniter.php(918): App\Controllers\Pages->index()
#2 C:\xampp\htdocs\Look4Job\vendor\codeigniter4\framework\system\CodeIgniter.php(404): CodeIgniter\CodeIgniter->runController(Object(App\Controllers\Pages))
#3 C:\xampp\htdocs\Look4Job\vendor\codeigniter4\framework\system\CodeIgniter.php(312): CodeIgniter\CodeIgniter->handleRequest(NULL, Object(Config\Cache), false)
#4 C:\xampp\htdocs\Look4Job\public\index.php(45): CodeIgniter\CodeIgniter->run()
#5 C:\xampp\htdocs\Look4Job\vendor\codeigniter4\framework\system\Commands\Server\rewrite.php(34): require_once('C:\\xampp\\htdocs...')
#6 {main}
CRITICAL - 2020-12-07 12:06:30 --> Undefined index: posisi
#0 C:\xampp\htdocs\Look4Job\app\Views\pages\home.php(52): CodeIgniter\Debug\Exceptions->errorHandler(8, 'Undefined index...', 'C:\\xampp\\htdocs...', 52, Array)
#1 C:\xampp\htdocs\Look4Job\vendor\codeigniter4\framework\system\View\View.php(246): include('C:\\xampp\\htdocs...')
#2 C:\xampp\htdocs\Look4Job\vendor\codeigniter4\framework\system\Common.php(1119): CodeIgniter\View\View->render('pages/home', Array, true)
#3 C:\xampp\htdocs\Look4Job\app\Controllers\pages.php(21): view('pages/home', Array)
#4 C:\xampp\htdocs\Look4Job\vendor\codeigniter4\framework\system\CodeIgniter.php(918): App\Controllers\Pages->index()
#5 C:\xampp\htdocs\Look4Job\vendor\codeigniter4\framework\system\CodeIgniter.php(404): CodeIgniter\CodeIgniter->runController(Object(App\Controllers\Pages))
#6 C:\xampp\htdocs\Look4Job\vendor\codeigniter4\framework\system\CodeIgniter.php(312): CodeIgniter\CodeIgniter->handleRequest(NULL, Object(Config\Cache), false)
#7 C:\xampp\htdocs\Look4Job\public\index.php(45): CodeIgniter\CodeIgniter->run()
#8 C:\xampp\htdocs\Look4Job\vendor\codeigniter4\framework\system\Commands\Server\rewrite.php(34): require_once('C:\\xampp\\htdocs...')
#9 {main}
CRITICAL - 2020-12-07 12:17:15 --> Too few arguments to function App\Controllers\Pages::profil(), 0 passed in C:\xampp\htdocs\Look4Job\vendor\codeigniter4\framework\system\CodeIgniter.php on line 918 and exactly 1 expected
#0 C:\xampp\htdocs\Look4Job\vendor\codeigniter4\framework\system\CodeIgniter.php(918): App\Controllers\Pages->profil()
#1 C:\xampp\htdocs\Look4Job\vendor\codeigniter4\framework\system\CodeIgniter.php(404): CodeIgniter\CodeIgniter->runController(Object(App\Controllers\Pages))
#2 C:\xampp\htdocs\Look4Job\vendor\codeigniter4\framework\system\CodeIgniter.php(312): CodeIgniter\CodeIgniter->handleRequest(NULL, Object(Config\Cache), false)
#3 C:\xampp\htdocs\Look4Job\public\index.php(45): CodeIgniter\CodeIgniter->run()
#4 C:\xampp\htdocs\Look4Job\vendor\codeigniter4\framework\system\Commands\Server\rewrite.php(34): require_once('C:\\xampp\\htdocs...')
#5 {main}
CRITICAL - 2020-12-07 12:21:55 --> Too few arguments to function App\Controllers\Pages::profil(), 0 passed in C:\xampp\htdocs\Look4Job\vendor\codeigniter4\framework\system\CodeIgniter.php on line 918 and exactly 1 expected
#0 C:\xampp\htdocs\Look4Job\vendor\codeigniter4\framework\system\CodeIgniter.php(918): App\Controllers\Pages->profil()
#1 C:\xampp\htdocs\Look4Job\vendor\codeigniter4\framework\system\CodeIgniter.php(404): CodeIgniter\CodeIgniter->runController(Object(App\Controllers\Pages))
#2 C:\xampp\htdocs\Look4Job\vendor\codeigniter4\framework\system\CodeIgniter.php(312): CodeIgniter\CodeIgniter->handleRequest(NULL, Object(Config\Cache), false)
#3 C:\xampp\htdocs\Look4Job\public\index.php(45): CodeIgniter\CodeIgniter->run()
#4 C:\xampp\htdocs\Look4Job\vendor\codeigniter4\framework\system\Commands\Server\rewrite.php(34): require_once('C:\\xampp\\htdocs...')
#5 {main}
CRITICAL - 2020-12-07 12:22:28 --> Undefined offset: 0
#0 C:\xampp\htdocs\Look4Job\app\Views\pages\profil.php(10): CodeIgniter\Debug\Exceptions->errorHandler(8, 'Undefined offse...', 'C:\\xampp\\htdocs...', 10, Array)
#1 C:\xampp\htdocs\Look4Job\vendor\codeigniter4\framework\system\View\View.php(246): include('C:\\xampp\\htdocs...')
#2 C:\xampp\htdocs\Look4Job\vendor\codeigniter4\framework\system\Common.php(1119): CodeIgniter\View\View->render('pages/profil', Array, true)
#3 C:\xampp\htdocs\Look4Job\app\Controllers\pages.php(131): view('pages/profil', Array)
#4 C:\xampp\htdocs\Look4Job\vendor\codeigniter4\framework\system\CodeIgniter.php(918): App\Controllers\Pages->profil('2')
#5 C:\xampp\htdocs\Look4Job\vendor\codeigniter4\framework\system\CodeIgniter.php(404): CodeIgniter\CodeIgniter->runController(Object(App\Controllers\Pages))
#6 C:\xampp\htdocs\Look4Job\vendor\codeigniter4\framework\system\CodeIgniter.php(312): CodeIgniter\CodeIgniter->handleRequest(NULL, Object(Config\Cache), false)
#7 C:\xampp\htdocs\Look4Job\public\index.php(45): CodeIgniter\CodeIgniter->run()
#8 C:\xampp\htdocs\Look4Job\vendor\codeigniter4\framework\system\Commands\Server\rewrite.php(34): require_once('C:\\xampp\\htdocs...')
#9 {main}
CRITICAL - 2020-12-07 12:22:44 --> Array to string conversion
#0 C:\xampp\htdocs\Look4Job\app\Views\pages\profil.php(13): CodeIgniter\Debug\Exceptions->errorHandler(8, 'Array to string...', 'C:\\xampp\\htdocs...', 13, Array)
#1 C:\xampp\htdocs\Look4Job\vendor\codeigniter4\framework\system\View\View.php(246): include('C:\\xampp\\htdocs...')
#2 C:\xampp\htdocs\Look4Job\vendor\codeigniter4\framework\system\Common.php(1119): CodeIgniter\View\View->render('pages/profil', Array, true)
#3 C:\xampp\htdocs\Look4Job\app\Controllers\pages.php(131): view('pages/profil', Array)
#4 C:\xampp\htdocs\Look4Job\vendor\codeigniter4\framework\system\CodeIgniter.php(918): App\Controllers\Pages->profil('2')
#5 C:\xampp\htdocs\Look4Job\vendor\codeigniter4\framework\system\CodeIgniter.php(404): CodeIgniter\CodeIgniter->runController(Object(App\Controllers\Pages))
#6 C:\xampp\htdocs\Look4Job\vendor\codeigniter4\framework\system\CodeIgniter.php(312): CodeIgniter\CodeIgniter->handleRequest(NULL, Object(Config\Cache), false)
#7 C:\xampp\htdocs\Look4Job\public\index.php(45): CodeIgniter\CodeIgniter->run()
#8 C:\xampp\htdocs\Look4Job\vendor\codeigniter4\framework\system\Commands\Server\rewrite.php(34): require_once('C:\\xampp\\htdocs...')
#9 {main}
CRITICAL - 2020-12-07 12:22:58 --> Trying to access array offset on value of type null
#0 C:\xampp\htdocs\Look4Job\app\Views\pages\profil.php(10): CodeIgniter\Debug\Exceptions->errorHandler(8, 'Trying to acces...', 'C:\\xampp\\htdocs...', 10, Array)
#1 C:\xampp\htdocs\Look4Job\vendor\codeigniter4\framework\system\View\View.php(246): include('C:\\xampp\\htdocs...')
#2 C:\xampp\htdocs\Look4Job\vendor\codeigniter4\framework\system\Common.php(1119): CodeIgniter\View\View->render('pages/profil', Array, true)
#3 C:\xampp\htdocs\Look4Job\app\Controllers\pages.php(131): view('pages/profil', Array)
#4 C:\xampp\htdocs\Look4Job\vendor\codeigniter4\framework\system\CodeIgniter.php(918): App\Controllers\Pages->profil('css', 'style.css')
#5 C:\xampp\htdocs\Look4Job\vendor\codeigniter4\framework\system\CodeIgniter.php(404): CodeIgniter\CodeIgniter->runController(Object(App\Controllers\Pages))
#6 C:\xampp\htdocs\Look4Job\vendor\codeigniter4\framework\system\CodeIgniter.php(312): CodeIgniter\CodeIgniter->handleRequest(NULL, Object(Config\Cache), false)
#7 C:\xampp\htdocs\Look4Job\public\index.php(45): CodeIgniter\CodeIgniter->run()
#8 C:\xampp\htdocs\Look4Job\vendor\codeigniter4\framework\system\Commands\Server\rewrite.php(34): require_once('C:\\xampp\\htdocs...')
#9 {main}
CRITICAL - 2020-12-07 12:22:59 --> Trying to access array offset on value of type null
#0 C:\xampp\htdocs\Look4Job\app\Views\pages\profil.php(10): CodeIgniter\Debug\Exceptions->errorHandler(8, 'Trying to acces...', 'C:\\xampp\\htdocs...', 10, Array)
#1 C:\xampp\htdocs\Look4Job\vendor\codeigniter4\framework\system\View\View.php(246): include('C:\\xampp\\htdocs...')
#2 C:\xampp\htdocs\Look4Job\vendor\codeigniter4\framework\system\Common.php(1119): CodeIgniter\View\View->render('pages/profil', Array, true)
#3 C:\xampp\htdocs\Look4Job\app\Controllers\pages.php(131): view('pages/profil', Array)
#4 C:\xampp\htdocs\Look4Job\vendor\codeigniter4\framework\system\CodeIgniter.php(918): App\Controllers\Pages->profil('css', 'style.css')
#5 C:\xampp\htdocs\Look4Job\vendor\codeigniter4\framework\system\CodeIgniter.php(404): CodeIgniter\CodeIgniter->runController(Object(App\Controllers\Pages))
#6 C:\xampp\htdocs\Look4Job\vendor\codeigniter4\framework\system\CodeIgniter.php(312): CodeIgniter\CodeIgniter->handleRequest(NULL, Object(Config\Cache), false)
#7 C:\xampp\htdocs\Look4Job\public\index.php(45): CodeIgniter\CodeIgniter->run()
#8 C:\xampp\htdocs\Look4Job\vendor\codeigniter4\framework\system\Commands\Server\rewrite.php(34): require_once('C:\\xampp\\htdocs...')
#9 {main}
CRITICAL - 2020-12-07 12:23:44 --> Trying to access array offset on value of type null
#0 C:\xampp\htdocs\Look4Job\app\Views\pages\profil.php(10): CodeIgniter\Debug\Exceptions->errorHandler(8, 'Trying to acces...', 'C:\\xampp\\htdocs...', 10, Array)
#1 C:\xampp\htdocs\Look4Job\vendor\codeigniter4\framework\system\View\View.php(246): include('C:\\xampp\\htdocs...')
#2 C:\xampp\htdocs\Look4Job\vendor\codeigniter4\framework\system\Common.php(1119): CodeIgniter\View\View->render('pages/profil', Array, true)
#3 C:\xampp\htdocs\Look4Job\app\Controllers\pages.php(131): view('pages/profil', Array)
#4 C:\xampp\htdocs\Look4Job\vendor\codeigniter4\framework\system\CodeIgniter.php(918): App\Controllers\Pages->profil('css', 'style.css')
#5 C:\xampp\htdocs\Look4Job\vendor\codeigniter4\framework\system\CodeIgniter.php(404): CodeIgniter\CodeIgniter->runController(Object(App\Controllers\Pages))
#6 C:\xampp\htdocs\Look4Job\vendor\codeigniter4\framework\system\CodeIgniter.php(312): CodeIgniter\CodeIgniter->handleRequest(NULL, Object(Config\Cache), false)
#7 C:\xampp\htdocs\Look4Job\public\index.php(45): CodeIgniter\CodeIgniter->run()
#8 C:\xampp\htdocs\Look4Job\vendor\codeigniter4\framework\system\Commands\Server\rewrite.php(34): require_once('C:\\xampp\\htdocs...')
#9 {main}
CRITICAL - 2020-12-07 12:23:44 --> Trying to access array offset on value of type null
#0 C:\xampp\htdocs\Look4Job\app\Views\pages\profil.php(10): CodeIgniter\Debug\Exceptions->errorHandler(8, 'Trying to acces...', 'C:\\xampp\\htdocs...', 10, Array)
#1 C:\xampp\htdocs\Look4Job\vendor\codeigniter4\framework\system\View\View.php(246): include('C:\\xampp\\htdocs...')
#2 C:\xampp\htdocs\Look4Job\vendor\codeigniter4\framework\system\Common.php(1119): CodeIgniter\View\View->render('pages/profil', Array, true)
#3 C:\xampp\htdocs\Look4Job\app\Controllers\pages.php(131): view('pages/profil', Array)
#4 C:\xampp\htdocs\Look4Job\vendor\codeigniter4\framework\system\CodeIgniter.php(918): App\Controllers\Pages->profil('css', 'style.css')
#5 C:\xampp\htdocs\Look4Job\vendor\codeigniter4\framework\system\CodeIgniter.php(404): CodeIgniter\CodeIgniter->runController(Object(App\Controllers\Pages))
#6 C:\xampp\htdocs\Look4Job\vendor\codeigniter4\framework\system\CodeIgniter.php(312): CodeIgniter\CodeIgniter->handleRequest(NULL, Object(Config\Cache), false)
#7 C:\xampp\htdocs\Look4Job\public\index.php(45): CodeIgniter\CodeIgniter->run()
#8 C:\xampp\htdocs\Look4Job\vendor\codeigniter4\framework\system\Commands\Server\rewrite.php(34): require_once('C:\\xampp\\htdocs...')
#9 {main}
CRITICAL - 2020-12-07 12:24:00 --> Trying to access array offset on value of type null
#0 C:\xampp\htdocs\Look4Job\app\Views\pages\profil.php(10): CodeIgniter\Debug\Exceptions->errorHandler(8, 'Trying to acces...', 'C:\\xampp\\htdocs...', 10, Array)
#1 C:\xampp\htdocs\Look4Job\vendor\codeigniter4\framework\system\View\View.php(246): include('C:\\xampp\\htdocs...')
#2 C:\xampp\htdocs\Look4Job\vendor\codeigniter4\framework\system\Common.php(1119): CodeIgniter\View\View->render('pages/profil', Array, true)
#3 C:\xampp\htdocs\Look4Job\app\Controllers\pages.php(131): view('pages/profil', Array)
#4 C:\xampp\htdocs\Look4Job\vendor\codeigniter4\framework\system\CodeIgniter.php(918): App\Controllers\Pages->profil('css', 'style.css')
#5 C:\xampp\htdocs\Look4Job\vendor\codeigniter4\framework\system\CodeIgniter.php(404): CodeIgniter\CodeIgniter->runController(Object(App\Controllers\Pages))
#6 C:\xampp\htdocs\Look4Job\vendor\codeigniter4\framework\system\CodeIgniter.php(312): CodeIgniter\CodeIgniter->handleRequest(NULL, Object(Config\Cache), false)
#7 C:\xampp\htdocs\Look4Job\public\index.php(45): CodeIgniter\CodeIgniter->run()
#8 C:\xampp\htdocs\Look4Job\vendor\codeigniter4\framework\system\Commands\Server\rewrite.php(34): require_once('C:\\xampp\\htdocs...')
#9 {main}
CRITICAL - 2020-12-07 12:24:01 --> Trying to access array offset on value of type null
#0 C:\xampp\htdocs\Look4Job\app\Views\pages\profil.php(10): CodeIgniter\Debug\Exceptions->errorHandler(8, 'Trying to acces...', 'C:\\xampp\\htdocs...', 10, Array)
#1 C:\xampp\htdocs\Look4Job\vendor\codeigniter4\framework\system\View\View.php(246): include('C:\\xampp\\htdocs...')
#2 C:\xampp\htdocs\Look4Job\vendor\codeigniter4\framework\system\Common.php(1119): CodeIgniter\View\View->render('pages/profil', Array, true)
#3 C:\xampp\htdocs\Look4Job\app\Controllers\pages.php(131): view('pages/profil', Array)
#4 C:\xampp\htdocs\Look4Job\vendor\codeigniter4\framework\system\CodeIgniter.php(918): App\Controllers\Pages->profil('css', 'style.css')
#5 C:\xampp\htdocs\Look4Job\vendor\codeigniter4\framework\system\CodeIgniter.php(404): CodeIgniter\CodeIgniter->runController(Object(App\Controllers\Pages))
#6 C:\xampp\htdocs\Look4Job\vendor\codeigniter4\framework\system\CodeIgniter.php(312): CodeIgniter\CodeIgniter->handleRequest(NULL, Object(Config\Cache), false)
#7 C:\xampp\htdocs\Look4Job\public\index.php(45): CodeIgniter\CodeIgniter->run()
#8 C:\xampp\htdocs\Look4Job\vendor\codeigniter4\framework\system\Commands\Server\rewrite.php(34): require_once('C:\\xampp\\htdocs...')
#9 {main}
CRITICAL - 2020-12-07 12:24:13 --> Trying to access array offset on value of type null
#0 C:\xampp\htdocs\Look4Job\app\Views\pages\profil.php(10): CodeIgniter\Debug\Exceptions->errorHandler(8, 'Trying to acces...', 'C:\\xampp\\htdocs...', 10, Array)
#1 C:\xampp\htdocs\Look4Job\vendor\codeigniter4\framework\system\View\View.php(246): include('C:\\xampp\\htdocs...')
#2 C:\xampp\htdocs\Look4Job\vendor\codeigniter4\framework\system\Common.php(1119): CodeIgniter\View\View->render('pages/profil', Array, true)
#3 C:\xampp\htdocs\Look4Job\app\Controllers\pages.php(131): view('pages/profil', Array)
#4 C:\xampp\htdocs\Look4Job\vendor\codeigniter4\framework\system\CodeIgniter.php(918): App\Controllers\Pages->profil('css', 'style.css')
#5 C:\xampp\htdocs\Look4Job\vendor\codeigniter4\framework\system\CodeIgniter.php(404): CodeIgniter\CodeIgniter->runController(Object(App\Controllers\Pages))
#6 C:\xampp\htdocs\Look4Job\vendor\codeigniter4\framework\system\CodeIgniter.php(312): CodeIgniter\CodeIgniter->handleRequest(NULL, Object(Config\Cache), false)
#7 C:\xampp\htdocs\Look4Job\public\index.php(45): CodeIgniter\CodeIgniter->run()
#8 C:\xampp\htdocs\Look4Job\vendor\codeigniter4\framework\system\Commands\Server\rewrite.php(34): require_once('C:\\xampp\\htdocs...')
#9 {main}
CRITICAL - 2020-12-07 12:24:13 --> Trying to access array offset on value of type null
#0 C:\xampp\htdocs\Look4Job\app\Views\pages\profil.php(10): CodeIgniter\Debug\Exceptions->errorHandler(8, 'Trying to acces...', 'C:\\xampp\\htdocs...', 10, Array)
#1 C:\xampp\htdocs\Look4Job\vendor\codeigniter4\framework\system\View\View.php(246): include('C:\\xampp\\htdocs...')
#2 C:\xampp\htdocs\Look4Job\vendor\codeigniter4\framework\system\Common.php(1119): CodeIgniter\View\View->render('pages/profil', Array, true)
#3 C:\xampp\htdocs\Look4Job\app\Controllers\pages.php(131): view('pages/profil', Array)
#4 C:\xampp\htdocs\Look4Job\vendor\codeigniter4\framework\system\CodeIgniter.php(918): App\Controllers\Pages->profil('css', 'style.css')
#5 C:\xampp\htdocs\Look4Job\vendor\codeigniter4\framework\system\CodeIgniter.php(404): CodeIgniter\CodeIgniter->runController(Object(App\Controllers\Pages))
#6 C:\xampp\htdocs\Look4Job\vendor\codeigniter4\framework\system\CodeIgniter.php(312): CodeIgniter\CodeIgniter->handleRequest(NULL, Object(Config\Cache), false)
#7 C:\xampp\htdocs\Look4Job\public\index.php(45): CodeIgniter\CodeIgniter->run()
#8 C:\xampp\htdocs\Look4Job\vendor\codeigniter4\framework\system\Commands\Server\rewrite.php(34): require_once('C:\\xampp\\htdocs...')
#9 {main}
CRITICAL - 2020-12-07 12:24:23 --> Trying to access array offset on value of type null
#0 C:\xampp\htdocs\Look4Job\app\Views\pages\profil.php(10): CodeIgniter\Debug\Exceptions->errorHandler(8, 'Trying to acces...', 'C:\\xampp\\htdocs...', 10, Array)
#1 C:\xampp\htdocs\Look4Job\vendor\codeigniter4\framework\system\View\View.php(246): include('C:\\xampp\\htdocs...')
#2 C:\xampp\htdocs\Look4Job\vendor\codeigniter4\framework\system\Common.php(1119): CodeIgniter\View\View->render('pages/profil', Array, true)
#3 C:\xampp\htdocs\Look4Job\app\Controllers\pages.php(131): view('pages/profil', Array)
#4 C:\xampp\htdocs\Look4Job\vendor\codeigniter4\framework\system\CodeIgniter.php(918): App\Controllers\Pages->profil('css', 'style.css')
#5 C:\xampp\htdocs\Look4Job\vendor\codeigniter4\framework\system\CodeIgniter.php(404): CodeIgniter\CodeIgniter->runController(Object(App\Controllers\Pages))
#6 C:\xampp\htdocs\Look4Job\vendor\codeigniter4\framework\system\CodeIgniter.php(312): CodeIgniter\CodeIgniter->handleRequest(NULL, Object(Config\Cache), false)
#7 C:\xampp\htdocs\Look4Job\public\index.php(45): CodeIgniter\CodeIgniter->run()
#8 C:\xampp\htdocs\Look4Job\vendor\codeigniter4\framework\system\Commands\Server\rewrite.php(34): require_once('C:\\xampp\\htdocs...')
#9 {main}
CRITICAL - 2020-12-07 12:24:23 --> Trying to access array offset on value of type null
#0 C:\xampp\htdocs\Look4Job\app\Views\pages\profil.php(10): CodeIgniter\Debug\Exceptions->errorHandler(8, 'Trying to acces...', 'C:\\xampp\\htdocs...', 10, Array)
#1 C:\xampp\htdocs\Look4Job\vendor\codeigniter4\framework\system\View\View.php(246): include('C:\\xampp\\htdocs...')
#2 C:\xampp\htdocs\Look4Job\vendor\codeigniter4\framework\system\Common.php(1119): CodeIgniter\View\View->render('pages/profil', Array, true)
#3 C:\xampp\htdocs\Look4Job\app\Controllers\pages.php(131): view('pages/profil', Array)
#4 C:\xampp\htdocs\Look4Job\vendor\codeigniter4\framework\system\CodeIgniter.php(918): App\Controllers\Pages->profil('css', 'style.css')
#5 C:\xampp\htdocs\Look4Job\vendor\codeigniter4\framework\system\CodeIgniter.php(404): CodeIgniter\CodeIgniter->runController(Object(App\Controllers\Pages))
#6 C:\xampp\htdocs\Look4Job\vendor\codeigniter4\framework\system\CodeIgniter.php(312): CodeIgniter\CodeIgniter->handleRequest(NULL, Object(Config\Cache), false)
#7 C:\xampp\htdocs\Look4Job\public\index.php(45): CodeIgniter\CodeIgniter->run()
#8 C:\xampp\htdocs\Look4Job\vendor\codeigniter4\framework\system\Commands\Server\rewrite.php(34): require_once('C:\\xampp\\htdocs...')
#9 {main}
CRITICAL - 2020-12-07 13:18:23 --> Trying to access array offset on value of type null
#0 C:\xampp\htdocs\Look4Job\app\Views\pages\profil.php(10): CodeIgniter\Debug\Exceptions->errorHandler(8, 'Trying to acces...', 'C:\\xampp\\htdocs...', 10, Array)
#1 C:\xampp\htdocs\Look4Job\vendor\codeigniter4\framework\system\View\View.php(246): include('C:\\xampp\\htdocs...')
#2 C:\xampp\htdocs\Look4Job\vendor\codeigniter4\framework\system\Common.php(1119): CodeIgniter\View\View->render('pages/profil', Array, true)
#3 C:\xampp\htdocs\Look4Job\app\Controllers\pages.php(131): view('pages/profil', Array)
#4 C:\xampp\htdocs\Look4Job\vendor\codeigniter4\framework\system\CodeIgniter.php(918): App\Controllers\Pages->profil('css', 'style.css')
#5 C:\xampp\htdocs\Look4Job\vendor\codeigniter4\framework\system\CodeIgniter.php(404): CodeIgniter\CodeIgniter->runController(Object(App\Controllers\Pages))
#6 C:\xampp\htdocs\Look4Job\vendor\codeigniter4\framework\system\CodeIgniter.php(312): CodeIgniter\CodeIgniter->handleRequest(NULL, Object(Config\Cache), false)
#7 C:\xampp\htdocs\Look4Job\public\index.php(45): CodeIgniter\CodeIgniter->run()
#8 C:\xampp\htdocs\Look4Job\vendor\codeigniter4\framework\system\Commands\Server\rewrite.php(34): require_once('C:\\xampp\\htdocs...')
#9 {main}
