CRITICAL - 2020-12-20 07:40:06 --> Unable to connect to the database.
#0 C:\MINE\INFORMATICS\SEMESTER 3\2. PENGEMBANGAN APLIKASI BERBASIS WEB\TUBES\Look4Job\vendor\codeigniter4\framework\system\Database\BaseConnection.php(646): CodeIgniter\Database\BaseConnection->initialize()
#1 C:\MINE\INFORMATICS\SEMESTER 3\2. PENGEMBANGAN APLIKASI BERBASIS WEB\TUBES\Look4Job\vendor\codeigniter4\framework\system\Database\BaseBuilder.php(1860): CodeIgniter\Database\BaseConnection->query('SELECT *\nFROM `...', Array, false)
#2 C:\MINE\INFORMATICS\SEMESTER 3\2. PENGEMBANGAN APLIKASI BERBASIS WEB\TUBES\Look4Job\app\Models\jobsModel.php(30): CodeIgniter\Database\BaseBuilder->get()
#3 C:\MINE\INFORMATICS\SEMESTER 3\2. PENGEMBANGAN APLIKASI BERBASIS WEB\TUBES\Look4Job\app\Controllers\pages.php(25): App\Models\jobsModel->getJobs()
#4 C:\MINE\INFORMATICS\SEMESTER 3\2. PENGEMBANGAN APLIKASI BERBASIS WEB\TUBES\Look4Job\vendor\codeigniter4\framework\system\CodeIgniter.php(918): App\Controllers\Pages->index()
#5 C:\MINE\INFORMATICS\SEMESTER 3\2. PENGEMBANGAN APLIKASI BERBASIS WEB\TUBES\Look4Job\vendor\codeigniter4\framework\system\CodeIgniter.php(404): CodeIgniter\CodeIgniter->runController(Object(App\Controllers\Pages))
#6 C:\MINE\INFORMATICS\SEMESTER 3\2. PENGEMBANGAN APLIKASI BERBASIS WEB\TUBES\Look4Job\vendor\codeigniter4\framework\system\CodeIgniter.php(312): CodeIgniter\CodeIgniter->handleRequest(NULL, Object(Config\Cache), false)
#7 C:\MINE\INFORMATICS\SEMESTER 3\2. PENGEMBANGAN APLIKASI BERBASIS WEB\TUBES\Look4Job\public\index.php(45): CodeIgniter\CodeIgniter->run()
#8 C:\MINE\INFORMATICS\SEMESTER 3\2. PENGEMBANGAN APLIKASI BERBASIS WEB\TUBES\Look4Job\vendor\codeigniter4\framework\system\Commands\Server\rewrite.php(34): require_once('C:\\MINE\\INFORMA...')
#9 {main}
CRITICAL - 2020-12-20 08:03:42 --> Undefined variable: validation
#0 C:\MINE\INFORMATICS\SEMESTER 3\2. PENGEMBANGAN APLIKASI BERBASIS WEB\TUBES\Look4Job\app\Views\pages\login.php(18): CodeIgniter\Debug\Exceptions->errorHandler(8, 'Undefined varia...', 'C:\\MINE\\INFORMA...', 18, Array)
#1 C:\MINE\INFORMATICS\SEMESTER 3\2. PENGEMBANGAN APLIKASI BERBASIS WEB\TUBES\Look4Job\vendor\codeigniter4\framework\system\View\View.php(246): include('C:\\MINE\\INFORMA...')
#2 C:\MINE\INFORMATICS\SEMESTER 3\2. PENGEMBANGAN APLIKASI BERBASIS WEB\TUBES\Look4Job\vendor\codeigniter4\framework\system\Common.php(1119): CodeIgniter\View\View->render('pages/login', Array, true)
#3 C:\MINE\INFORMATICS\SEMESTER 3\2. PENGEMBANGAN APLIKASI BERBASIS WEB\TUBES\Look4Job\app\Controllers\pages.php(175): view('pages/login', Array)
#4 C:\MINE\INFORMATICS\SEMESTER 3\2. PENGEMBANGAN APLIKASI BERBASIS WEB\TUBES\Look4Job\vendor\codeigniter4\framework\system\CodeIgniter.php(918): App\Controllers\Pages->login()
#5 C:\MINE\INFORMATICS\SEMESTER 3\2. PENGEMBANGAN APLIKASI BERBASIS WEB\TUBES\Look4Job\vendor\codeigniter4\framework\system\CodeIgniter.php(404): CodeIgniter\CodeIgniter->runController(Object(App\Controllers\Pages))
#6 C:\MINE\INFORMATICS\SEMESTER 3\2. PENGEMBANGAN APLIKASI BERBASIS WEB\TUBES\Look4Job\vendor\codeigniter4\framework\system\CodeIgniter.php(312): CodeIgniter\CodeIgniter->handleRequest(NULL, Object(Config\Cache), false)
#7 C:\MINE\INFORMATICS\SEMESTER 3\2. PENGEMBANGAN APLIKASI BERBASIS WEB\TUBES\Look4Job\public\index.php(45): CodeIgniter\CodeIgniter->run()
#8 C:\MINE\INFORMATICS\SEMESTER 3\2. PENGEMBANGAN APLIKASI BERBASIS WEB\TUBES\Look4Job\vendor\codeigniter4\framework\system\Commands\Server\rewrite.php(34): require_once('C:\\MINE\\INFORMA...')
#9 {main}
CRITICAL - 2020-12-20 10:45:57 --> Undefined variable: validation
#0 C:\MINE\INFORMATICS\SEMESTER 3\2. PENGEMBANGAN APLIKASI BERBASIS WEB\TUBES\Look4Job\app\Views\pages\login.php(42): CodeIgniter\Debug\Exceptions->errorHandler(8, 'Undefined varia...', 'C:\\MINE\\INFORMA...', 42, Array)
#1 C:\MINE\INFORMATICS\SEMESTER 3\2. PENGEMBANGAN APLIKASI BERBASIS WEB\TUBES\Look4Job\vendor\codeigniter4\framework\system\View\View.php(246): include('C:\\MINE\\INFORMA...')
#2 C:\MINE\INFORMATICS\SEMESTER 3\2. PENGEMBANGAN APLIKASI BERBASIS WEB\TUBES\Look4Job\vendor\codeigniter4\framework\system\Common.php(1119): CodeIgniter\View\View->render('pages/login', Array, true)
#3 C:\MINE\INFORMATICS\SEMESTER 3\2. PENGEMBANGAN APLIKASI BERBASIS WEB\TUBES\Look4Job\app\Controllers\pages.php(172): view('pages/login', Array)
#4 C:\MINE\INFORMATICS\SEMESTER 3\2. PENGEMBANGAN APLIKASI BERBASIS WEB\TUBES\Look4Job\vendor\codeigniter4\framework\system\CodeIgniter.php(918): App\Controllers\Pages->login()
#5 C:\MINE\INFORMATICS\SEMESTER 3\2. PENGEMBANGAN APLIKASI BERBASIS WEB\TUBES\Look4Job\vendor\codeigniter4\framework\system\CodeIgniter.php(404): CodeIgniter\CodeIgniter->runController(Object(App\Controllers\Pages))
#6 C:\MINE\INFORMATICS\SEMESTER 3\2. PENGEMBANGAN APLIKASI BERBASIS WEB\TUBES\Look4Job\vendor\codeigniter4\framework\system\CodeIgniter.php(312): CodeIgniter\CodeIgniter->handleRequest(NULL, Object(Config\Cache), false)
#7 C:\MINE\INFORMATICS\SEMESTER 3\2. PENGEMBANGAN APLIKASI BERBASIS WEB\TUBES\Look4Job\public\index.php(45): CodeIgniter\CodeIgniter->run()
#8 C:\MINE\INFORMATICS\SEMESTER 3\2. PENGEMBANGAN APLIKASI BERBASIS WEB\TUBES\Look4Job\vendor\codeigniter4\framework\system\Commands\Server\rewrite.php(34): require_once('C:\\MINE\\INFORMA...')
#9 {main}
CRITICAL - 2020-12-20 10:55:58 --> Call to a member function getError() on null
#0 C:\MINE\INFORMATICS\SEMESTER 3\2. PENGEMBANGAN APLIKASI BERBASIS WEB\TUBES\Look4Job\vendor\codeigniter4\framework\system\CodeIgniter.php(918): App\Controllers\Pages->savePerusahaan()
#1 C:\MINE\INFORMATICS\SEMESTER 3\2. PENGEMBANGAN APLIKASI BERBASIS WEB\TUBES\Look4Job\vendor\codeigniter4\framework\system\CodeIgniter.php(404): CodeIgniter\CodeIgniter->runController(Object(App\Controllers\Pages))
#2 C:\MINE\INFORMATICS\SEMESTER 3\2. PENGEMBANGAN APLIKASI BERBASIS WEB\TUBES\Look4Job\vendor\codeigniter4\framework\system\CodeIgniter.php(312): CodeIgniter\CodeIgniter->handleRequest(NULL, Object(Config\Cache), false)
#3 C:\MINE\INFORMATICS\SEMESTER 3\2. PENGEMBANGAN APLIKASI BERBASIS WEB\TUBES\Look4Job\public\index.php(45): CodeIgniter\CodeIgniter->run()
#4 C:\MINE\INFORMATICS\SEMESTER 3\2. PENGEMBANGAN APLIKASI BERBASIS WEB\TUBES\Look4Job\vendor\codeigniter4\framework\system\Commands\Server\rewrite.php(34): require_once('C:\\MINE\\INFORMA...')
#5 {main}
CRITICAL - 2020-12-20 10:57:56 --> Call to a member function getError() on null
#0 C:\MINE\INFORMATICS\SEMESTER 3\2. PENGEMBANGAN APLIKASI BERBASIS WEB\TUBES\Look4Job\vendor\codeigniter4\framework\system\CodeIgniter.php(918): App\Controllers\Pages->savePerusahaan()
#1 C:\MINE\INFORMATICS\SEMESTER 3\2. PENGEMBANGAN APLIKASI BERBASIS WEB\TUBES\Look4Job\vendor\codeigniter4\framework\system\CodeIgniter.php(404): CodeIgniter\CodeIgniter->runController(Object(App\Controllers\Pages))
#2 C:\MINE\INFORMATICS\SEMESTER 3\2. PENGEMBANGAN APLIKASI BERBASIS WEB\TUBES\Look4Job\vendor\codeigniter4\framework\system\CodeIgniter.php(312): CodeIgniter\CodeIgniter->handleRequest(NULL, Object(Config\Cache), false)
#3 C:\MINE\INFORMATICS\SEMESTER 3\2. PENGEMBANGAN APLIKASI BERBASIS WEB\TUBES\Look4Job\public\index.php(45): CodeIgniter\CodeIgniter->run()
#4 C:\MINE\INFORMATICS\SEMESTER 3\2. PENGEMBANGAN APLIKASI BERBASIS WEB\TUBES\Look4Job\vendor\codeigniter4\framework\system\Commands\Server\rewrite.php(34): require_once('C:\\MINE\\INFORMA...')
#5 {main}
CRITICAL - 2020-12-20 10:59:28 --> Call to a member function getError() on null
#0 C:\MINE\INFORMATICS\SEMESTER 3\2. PENGEMBANGAN APLIKASI BERBASIS WEB\TUBES\Look4Job\vendor\codeigniter4\framework\system\CodeIgniter.php(918): App\Controllers\Pages->savePerusahaan()
#1 C:\MINE\INFORMATICS\SEMESTER 3\2. PENGEMBANGAN APLIKASI BERBASIS WEB\TUBES\Look4Job\vendor\codeigniter4\framework\system\CodeIgniter.php(404): CodeIgniter\CodeIgniter->runController(Object(App\Controllers\Pages))
#2 C:\MINE\INFORMATICS\SEMESTER 3\2. PENGEMBANGAN APLIKASI BERBASIS WEB\TUBES\Look4Job\vendor\codeigniter4\framework\system\CodeIgniter.php(312): CodeIgniter\CodeIgniter->handleRequest(NULL, Object(Config\Cache), false)
#3 C:\MINE\INFORMATICS\SEMESTER 3\2. PENGEMBANGAN APLIKASI BERBASIS WEB\TUBES\Look4Job\public\index.php(45): CodeIgniter\CodeIgniter->run()
#4 C:\MINE\INFORMATICS\SEMESTER 3\2. PENGEMBANGAN APLIKASI BERBASIS WEB\TUBES\Look4Job\vendor\codeigniter4\framework\system\Commands\Server\rewrite.php(34): require_once('C:\\MINE\\INFORMA...')
#5 {main}
CRITICAL - 2020-12-20 11:07:58 --> Trying to access array offset on value of type null
#0 C:\MINE\INFORMATICS\SEMESTER 3\2. PENGEMBANGAN APLIKASI BERBASIS WEB\TUBES\Look4Job\app\Views\pages\profil.php(10): CodeIgniter\Debug\Exceptions->errorHandler(8, 'Trying to acces...', 'C:\\MINE\\INFORMA...', 10, Array)
#1 C:\MINE\INFORMATICS\SEMESTER 3\2. PENGEMBANGAN APLIKASI BERBASIS WEB\TUBES\Look4Job\vendor\codeigniter4\framework\system\View\View.php(246): include('C:\\MINE\\INFORMA...')
#2 C:\MINE\INFORMATICS\SEMESTER 3\2. PENGEMBANGAN APLIKASI BERBASIS WEB\TUBES\Look4Job\vendor\codeigniter4\framework\system\Common.php(1119): CodeIgniter\View\View->render('pages/profil', Array, true)
#3 C:\MINE\INFORMATICS\SEMESTER 3\2. PENGEMBANGAN APLIKASI BERBASIS WEB\TUBES\Look4Job\app\Controllers\pages.php(162): view('pages/profil', Array)
#4 C:\MINE\INFORMATICS\SEMESTER 3\2. PENGEMBANGAN APLIKASI BERBASIS WEB\TUBES\Look4Job\vendor\codeigniter4\framework\system\CodeIgniter.php(918): App\Controllers\Pages->profil('css', 'style.css')
#5 C:\MINE\INFORMATICS\SEMESTER 3\2. PENGEMBANGAN APLIKASI BERBASIS WEB\TUBES\Look4Job\vendor\codeigniter4\framework\system\CodeIgniter.php(404): CodeIgniter\CodeIgniter->runController(Object(App\Controllers\Pages))
#6 C:\MINE\INFORMATICS\SEMESTER 3\2. PENGEMBANGAN APLIKASI BERBASIS WEB\TUBES\Look4Job\vendor\codeigniter4\framework\system\CodeIgniter.php(312): CodeIgniter\CodeIgniter->handleRequest(NULL, Object(Config\Cache), false)
#7 C:\MINE\INFORMATICS\SEMESTER 3\2. PENGEMBANGAN APLIKASI BERBASIS WEB\TUBES\Look4Job\public\index.php(45): CodeIgniter\CodeIgniter->run()
#8 C:\MINE\INFORMATICS\SEMESTER 3\2. PENGEMBANGAN APLIKASI BERBASIS WEB\TUBES\Look4Job\vendor\codeigniter4\framework\system\Commands\Server\rewrite.php(34): require_once('C:\\MINE\\INFORMA...')
#9 {main}
CRITICAL - 2020-12-20 11:07:59 --> Trying to access array offset on value of type null
#0 C:\MINE\INFORMATICS\SEMESTER 3\2. PENGEMBANGAN APLIKASI BERBASIS WEB\TUBES\Look4Job\app\Views\pages\profil.php(10): CodeIgniter\Debug\Exceptions->errorHandler(8, 'Trying to acces...', 'C:\\MINE\\INFORMA...', 10, Array)
#1 C:\MINE\INFORMATICS\SEMESTER 3\2. PENGEMBANGAN APLIKASI BERBASIS WEB\TUBES\Look4Job\vendor\codeigniter4\framework\system\View\View.php(246): include('C:\\MINE\\INFORMA...')
#2 C:\MINE\INFORMATICS\SEMESTER 3\2. PENGEMBANGAN APLIKASI BERBASIS WEB\TUBES\Look4Job\vendor\codeigniter4\framework\system\Common.php(1119): CodeIgniter\View\View->render('pages/profil', Array, true)
#3 C:\MINE\INFORMATICS\SEMESTER 3\2. PENGEMBANGAN APLIKASI BERBASIS WEB\TUBES\Look4Job\app\Controllers\pages.php(162): view('pages/profil', Array)
#4 C:\MINE\INFORMATICS\SEMESTER 3\2. PENGEMBANGAN APLIKASI BERBASIS WEB\TUBES\Look4Job\vendor\codeigniter4\framework\system\CodeIgniter.php(918): App\Controllers\Pages->profil('css', 'style.css')
#5 C:\MINE\INFORMATICS\SEMESTER 3\2. PENGEMBANGAN APLIKASI BERBASIS WEB\TUBES\Look4Job\vendor\codeigniter4\framework\system\CodeIgniter.php(404): CodeIgniter\CodeIgniter->runController(Object(App\Controllers\Pages))
#6 C:\MINE\INFORMATICS\SEMESTER 3\2. PENGEMBANGAN APLIKASI BERBASIS WEB\TUBES\Look4Job\vendor\codeigniter4\framework\system\CodeIgniter.php(312): CodeIgniter\CodeIgniter->handleRequest(NULL, Object(Config\Cache), false)
#7 C:\MINE\INFORMATICS\SEMESTER 3\2. PENGEMBANGAN APLIKASI BERBASIS WEB\TUBES\Look4Job\public\index.php(45): CodeIgniter\CodeIgniter->run()
#8 C:\MINE\INFORMATICS\SEMESTER 3\2. PENGEMBANGAN APLIKASI BERBASIS WEB\TUBES\Look4Job\vendor\codeigniter4\framework\system\Commands\Server\rewrite.php(34): require_once('C:\\MINE\\INFORMA...')
#9 {main}
CRITICAL - 2020-12-20 11:15:01 --> Trying to access array offset on value of type null
#0 C:\MINE\INFORMATICS\SEMESTER 3\2. PENGEMBANGAN APLIKASI BERBASIS WEB\TUBES\Look4Job\app\Views\pages\profil.php(10): CodeIgniter\Debug\Exceptions->errorHandler(8, 'Trying to acces...', 'C:\\MINE\\INFORMA...', 10, Array)
#1 C:\MINE\INFORMATICS\SEMESTER 3\2. PENGEMBANGAN APLIKASI BERBASIS WEB\TUBES\Look4Job\vendor\codeigniter4\framework\system\View\View.php(246): include('C:\\MINE\\INFORMA...')
#2 C:\MINE\INFORMATICS\SEMESTER 3\2. PENGEMBANGAN APLIKASI BERBASIS WEB\TUBES\Look4Job\vendor\codeigniter4\framework\system\Common.php(1119): CodeIgniter\View\View->render('pages/profil', Array, true)
#3 C:\MINE\INFORMATICS\SEMESTER 3\2. PENGEMBANGAN APLIKASI BERBASIS WEB\TUBES\Look4Job\app\Controllers\pages.php(162): view('pages/profil', Array)
#4 C:\MINE\INFORMATICS\SEMESTER 3\2. PENGEMBANGAN APLIKASI BERBASIS WEB\TUBES\Look4Job\vendor\codeigniter4\framework\system\CodeIgniter.php(918): App\Controllers\Pages->profil('css', 'style.css')
#5 C:\MINE\INFORMATICS\SEMESTER 3\2. PENGEMBANGAN APLIKASI BERBASIS WEB\TUBES\Look4Job\vendor\codeigniter4\framework\system\CodeIgniter.php(404): CodeIgniter\CodeIgniter->runController(Object(App\Controllers\Pages))
#6 C:\MINE\INFORMATICS\SEMESTER 3\2. PENGEMBANGAN APLIKASI BERBASIS WEB\TUBES\Look4Job\vendor\codeigniter4\framework\system\CodeIgniter.php(312): CodeIgniter\CodeIgniter->handleRequest(NULL, Object(Config\Cache), false)
#7 C:\MINE\INFORMATICS\SEMESTER 3\2. PENGEMBANGAN APLIKASI BERBASIS WEB\TUBES\Look4Job\public\index.php(45): CodeIgniter\CodeIgniter->run()
#8 C:\MINE\INFORMATICS\SEMESTER 3\2. PENGEMBANGAN APLIKASI BERBASIS WEB\TUBES\Look4Job\vendor\codeigniter4\framework\system\Commands\Server\rewrite.php(34): require_once('C:\\MINE\\INFORMA...')
#9 {main}
CRITICAL - 2020-12-20 11:15:02 --> Trying to access array offset on value of type null
#0 C:\MINE\INFORMATICS\SEMESTER 3\2. PENGEMBANGAN APLIKASI BERBASIS WEB\TUBES\Look4Job\app\Views\pages\profil.php(10): CodeIgniter\Debug\Exceptions->errorHandler(8, 'Trying to acces...', 'C:\\MINE\\INFORMA...', 10, Array)
#1 C:\MINE\INFORMATICS\SEMESTER 3\2. PENGEMBANGAN APLIKASI BERBASIS WEB\TUBES\Look4Job\vendor\codeigniter4\framework\system\View\View.php(246): include('C:\\MINE\\INFORMA...')
#2 C:\MINE\INFORMATICS\SEMESTER 3\2. PENGEMBANGAN APLIKASI BERBASIS WEB\TUBES\Look4Job\vendor\codeigniter4\framework\system\Common.php(1119): CodeIgniter\View\View->render('pages/profil', Array, true)
#3 C:\MINE\INFORMATICS\SEMESTER 3\2. PENGEMBANGAN APLIKASI BERBASIS WEB\TUBES\Look4Job\app\Controllers\pages.php(162): view('pages/profil', Array)
#4 C:\MINE\INFORMATICS\SEMESTER 3\2. PENGEMBANGAN APLIKASI BERBASIS WEB\TUBES\Look4Job\vendor\codeigniter4\framework\system\CodeIgniter.php(918): App\Controllers\Pages->profil('css', 'style.css')
#5 C:\MINE\INFORMATICS\SEMESTER 3\2. PENGEMBANGAN APLIKASI BERBASIS WEB\TUBES\Look4Job\vendor\codeigniter4\framework\system\CodeIgniter.php(404): CodeIgniter\CodeIgniter->runController(Object(App\Controllers\Pages))
#6 C:\MINE\INFORMATICS\SEMESTER 3\2. PENGEMBANGAN APLIKASI BERBASIS WEB\TUBES\Look4Job\vendor\codeigniter4\framework\system\CodeIgniter.php(312): CodeIgniter\CodeIgniter->handleRequest(NULL, Object(Config\Cache), false)
#7 C:\MINE\INFORMATICS\SEMESTER 3\2. PENGEMBANGAN APLIKASI BERBASIS WEB\TUBES\Look4Job\public\index.php(45): CodeIgniter\CodeIgniter->run()
#8 C:\MINE\INFORMATICS\SEMESTER 3\2. PENGEMBANGAN APLIKASI BERBASIS WEB\TUBES\Look4Job\vendor\codeigniter4\framework\system\Commands\Server\rewrite.php(34): require_once('C:\\MINE\\INFORMA...')
#9 {main}
CRITICAL - 2020-12-20 11:15:11 --> Trying to access array offset on value of type null
#0 C:\MINE\INFORMATICS\SEMESTER 3\2. PENGEMBANGAN APLIKASI BERBASIS WEB\TUBES\Look4Job\app\Views\pages\createJobs.php(10): CodeIgniter\Debug\Exceptions->errorHandler(8, 'Trying to acces...', 'C:\\MINE\\INFORMA...', 10, Array)
#1 C:\MINE\INFORMATICS\SEMESTER 3\2. PENGEMBANGAN APLIKASI BERBASIS WEB\TUBES\Look4Job\vendor\codeigniter4\framework\system\View\View.php(246): include('C:\\MINE\\INFORMA...')
#2 C:\MINE\INFORMATICS\SEMESTER 3\2. PENGEMBANGAN APLIKASI BERBASIS WEB\TUBES\Look4Job\vendor\codeigniter4\framework\system\Common.php(1119): CodeIgniter\View\View->render('pages/createJob...', Array, true)
#3 C:\MINE\INFORMATICS\SEMESTER 3\2. PENGEMBANGAN APLIKASI BERBASIS WEB\TUBES\Look4Job\app\Controllers\pages.php(138): view('pages/createJob...', Array)
#4 C:\MINE\INFORMATICS\SEMESTER 3\2. PENGEMBANGAN APLIKASI BERBASIS WEB\TUBES\Look4Job\vendor\codeigniter4\framework\system\CodeIgniter.php(918): App\Controllers\Pages->createJobs('css', 'style.css')
#5 C:\MINE\INFORMATICS\SEMESTER 3\2. PENGEMBANGAN APLIKASI BERBASIS WEB\TUBES\Look4Job\vendor\codeigniter4\framework\system\CodeIgniter.php(404): CodeIgniter\CodeIgniter->runController(Object(App\Controllers\Pages))
#6 C:\MINE\INFORMATICS\SEMESTER 3\2. PENGEMBANGAN APLIKASI BERBASIS WEB\TUBES\Look4Job\vendor\codeigniter4\framework\system\CodeIgniter.php(312): CodeIgniter\CodeIgniter->handleRequest(NULL, Object(Config\Cache), false)
#7 C:\MINE\INFORMATICS\SEMESTER 3\2. PENGEMBANGAN APLIKASI BERBASIS WEB\TUBES\Look4Job\public\index.php(45): CodeIgniter\CodeIgniter->run()
#8 C:\MINE\INFORMATICS\SEMESTER 3\2. PENGEMBANGAN APLIKASI BERBASIS WEB\TUBES\Look4Job\vendor\codeigniter4\framework\system\Commands\Server\rewrite.php(34): require_once('C:\\MINE\\INFORMA...')
#9 {main}
CRITICAL - 2020-12-20 11:15:12 --> Trying to access array offset on value of type null
#0 C:\MINE\INFORMATICS\SEMESTER 3\2. PENGEMBANGAN APLIKASI BERBASIS WEB\TUBES\Look4Job\app\Views\pages\createJobs.php(10): CodeIgniter\Debug\Exceptions->errorHandler(8, 'Trying to acces...', 'C:\\MINE\\INFORMA...', 10, Array)
#1 C:\MINE\INFORMATICS\SEMESTER 3\2. PENGEMBANGAN APLIKASI BERBASIS WEB\TUBES\Look4Job\vendor\codeigniter4\framework\system\View\View.php(246): include('C:\\MINE\\INFORMA...')
#2 C:\MINE\INFORMATICS\SEMESTER 3\2. PENGEMBANGAN APLIKASI BERBASIS WEB\TUBES\Look4Job\vendor\codeigniter4\framework\system\Common.php(1119): CodeIgniter\View\View->render('pages/createJob...', Array, true)
#3 C:\MINE\INFORMATICS\SEMESTER 3\2. PENGEMBANGAN APLIKASI BERBASIS WEB\TUBES\Look4Job\app\Controllers\pages.php(138): view('pages/createJob...', Array)
#4 C:\MINE\INFORMATICS\SEMESTER 3\2. PENGEMBANGAN APLIKASI BERBASIS WEB\TUBES\Look4Job\vendor\codeigniter4\framework\system\CodeIgniter.php(918): App\Controllers\Pages->createJobs('css', 'style.css')
#5 C:\MINE\INFORMATICS\SEMESTER 3\2. PENGEMBANGAN APLIKASI BERBASIS WEB\TUBES\Look4Job\vendor\codeigniter4\framework\system\CodeIgniter.php(404): CodeIgniter\CodeIgniter->runController(Object(App\Controllers\Pages))
#6 C:\MINE\INFORMATICS\SEMESTER 3\2. PENGEMBANGAN APLIKASI BERBASIS WEB\TUBES\Look4Job\vendor\codeigniter4\framework\system\CodeIgniter.php(312): CodeIgniter\CodeIgniter->handleRequest(NULL, Object(Config\Cache), false)
#7 C:\MINE\INFORMATICS\SEMESTER 3\2. PENGEMBANGAN APLIKASI BERBASIS WEB\TUBES\Look4Job\public\index.php(45): CodeIgniter\CodeIgniter->run()
#8 C:\MINE\INFORMATICS\SEMESTER 3\2. PENGEMBANGAN APLIKASI BERBASIS WEB\TUBES\Look4Job\vendor\codeigniter4\framework\system\Commands\Server\rewrite.php(34): require_once('C:\\MINE\\INFORMA...')
#9 {main}
CRITICAL - 2020-12-20 11:17:52 --> Trying to access array offset on value of type null
#0 C:\MINE\INFORMATICS\SEMESTER 3\2. PENGEMBANGAN APLIKASI BERBASIS WEB\TUBES\Look4Job\app\Views\pages\createJobs.php(10): CodeIgniter\Debug\Exceptions->errorHandler(8, 'Trying to acces...', 'C:\\MINE\\INFORMA...', 10, Array)
#1 C:\MINE\INFORMATICS\SEMESTER 3\2. PENGEMBANGAN APLIKASI BERBASIS WEB\TUBES\Look4Job\vendor\codeigniter4\framework\system\View\View.php(246): include('C:\\MINE\\INFORMA...')
#2 C:\MINE\INFORMATICS\SEMESTER 3\2. PENGEMBANGAN APLIKASI BERBASIS WEB\TUBES\Look4Job\vendor\codeigniter4\framework\system\Common.php(1119): CodeIgniter\View\View->render('pages/createJob...', Array, true)
#3 C:\MINE\INFORMATICS\SEMESTER 3\2. PENGEMBANGAN APLIKASI BERBASIS WEB\TUBES\Look4Job\app\Controllers\pages.php(138): view('pages/createJob...', Array)
#4 C:\MINE\INFORMATICS\SEMESTER 3\2. PENGEMBANGAN APLIKASI BERBASIS WEB\TUBES\Look4Job\vendor\codeigniter4\framework\system\CodeIgniter.php(918): App\Controllers\Pages->createJobs('css', 'style.css')
#5 C:\MINE\INFORMATICS\SEMESTER 3\2. PENGEMBANGAN APLIKASI BERBASIS WEB\TUBES\Look4Job\vendor\codeigniter4\framework\system\CodeIgniter.php(404): CodeIgniter\CodeIgniter->runController(Object(App\Controllers\Pages))
#6 C:\MINE\INFORMATICS\SEMESTER 3\2. PENGEMBANGAN APLIKASI BERBASIS WEB\TUBES\Look4Job\vendor\codeigniter4\framework\system\CodeIgniter.php(312): CodeIgniter\CodeIgniter->handleRequest(NULL, Object(Config\Cache), false)
#7 C:\MINE\INFORMATICS\SEMESTER 3\2. PENGEMBANGAN APLIKASI BERBASIS WEB\TUBES\Look4Job\public\index.php(45): CodeIgniter\CodeIgniter->run()
#8 C:\MINE\INFORMATICS\SEMESTER 3\2. PENGEMBANGAN APLIKASI BERBASIS WEB\TUBES\Look4Job\vendor\codeigniter4\framework\system\Commands\Server\rewrite.php(34): require_once('C:\\MINE\\INFORMA...')
#9 {main}
CRITICAL - 2020-12-20 11:17:52 --> Trying to access array offset on value of type null
#0 C:\MINE\INFORMATICS\SEMESTER 3\2. PENGEMBANGAN APLIKASI BERBASIS WEB\TUBES\Look4Job\app\Views\pages\createJobs.php(10): CodeIgniter\Debug\Exceptions->errorHandler(8, 'Trying to acces...', 'C:\\MINE\\INFORMA...', 10, Array)
#1 C:\MINE\INFORMATICS\SEMESTER 3\2. PENGEMBANGAN APLIKASI BERBASIS WEB\TUBES\Look4Job\vendor\codeigniter4\framework\system\View\View.php(246): include('C:\\MINE\\INFORMA...')
#2 C:\MINE\INFORMATICS\SEMESTER 3\2. PENGEMBANGAN APLIKASI BERBASIS WEB\TUBES\Look4Job\vendor\codeigniter4\framework\system\Common.php(1119): CodeIgniter\View\View->render('pages/createJob...', Array, true)
#3 C:\MINE\INFORMATICS\SEMESTER 3\2. PENGEMBANGAN APLIKASI BERBASIS WEB\TUBES\Look4Job\app\Controllers\pages.php(138): view('pages/createJob...', Array)
#4 C:\MINE\INFORMATICS\SEMESTER 3\2. PENGEMBANGAN APLIKASI BERBASIS WEB\TUBES\Look4Job\vendor\codeigniter4\framework\system\CodeIgniter.php(918): App\Controllers\Pages->createJobs('css', 'style.css')
#5 C:\MINE\INFORMATICS\SEMESTER 3\2. PENGEMBANGAN APLIKASI BERBASIS WEB\TUBES\Look4Job\vendor\codeigniter4\framework\system\CodeIgniter.php(404): CodeIgniter\CodeIgniter->runController(Object(App\Controllers\Pages))
#6 C:\MINE\INFORMATICS\SEMESTER 3\2. PENGEMBANGAN APLIKASI BERBASIS WEB\TUBES\Look4Job\vendor\codeigniter4\framework\system\CodeIgniter.php(312): CodeIgniter\CodeIgniter->handleRequest(NULL, Object(Config\Cache), false)
#7 C:\MINE\INFORMATICS\SEMESTER 3\2. PENGEMBANGAN APLIKASI BERBASIS WEB\TUBES\Look4Job\public\index.php(45): CodeIgniter\CodeIgniter->run()
#8 C:\MINE\INFORMATICS\SEMESTER 3\2. PENGEMBANGAN APLIKASI BERBASIS WEB\TUBES\Look4Job\vendor\codeigniter4\framework\system\Commands\Server\rewrite.php(34): require_once('C:\\MINE\\INFORMA...')
#9 {main}
CRITICAL - 2020-12-20 11:18:03 --> Trying to access array offset on value of type null
#0 C:\MINE\INFORMATICS\SEMESTER 3\2. PENGEMBANGAN APLIKASI BERBASIS WEB\TUBES\Look4Job\app\Views\pages\createJobs.php(10): CodeIgniter\Debug\Exceptions->errorHandler(8, 'Trying to acces...', 'C:\\MINE\\INFORMA...', 10, Array)
#1 C:\MINE\INFORMATICS\SEMESTER 3\2. PENGEMBANGAN APLIKASI BERBASIS WEB\TUBES\Look4Job\vendor\codeigniter4\framework\system\View\View.php(246): include('C:\\MINE\\INFORMA...')
#2 C:\MINE\INFORMATICS\SEMESTER 3\2. PENGEMBANGAN APLIKASI BERBASIS WEB\TUBES\Look4Job\vendor\codeigniter4\framework\system\Common.php(1119): CodeIgniter\View\View->render('pages/createJob...', Array, true)
#3 C:\MINE\INFORMATICS\SEMESTER 3\2. PENGEMBANGAN APLIKASI BERBASIS WEB\TUBES\Look4Job\app\Controllers\pages.php(138): view('pages/createJob...', Array)
#4 C:\MINE\INFORMATICS\SEMESTER 3\2. PENGEMBANGAN APLIKASI BERBASIS WEB\TUBES\Look4Job\vendor\codeigniter4\framework\system\CodeIgniter.php(918): App\Controllers\Pages->createJobs('css', 'style.css')
#5 C:\MINE\INFORMATICS\SEMESTER 3\2. PENGEMBANGAN APLIKASI BERBASIS WEB\TUBES\Look4Job\vendor\codeigniter4\framework\system\CodeIgniter.php(404): CodeIgniter\CodeIgniter->runController(Object(App\Controllers\Pages))
#6 C:\MINE\INFORMATICS\SEMESTER 3\2. PENGEMBANGAN APLIKASI BERBASIS WEB\TUBES\Look4Job\vendor\codeigniter4\framework\system\CodeIgniter.php(312): CodeIgniter\CodeIgniter->handleRequest(NULL, Object(Config\Cache), false)
#7 C:\MINE\INFORMATICS\SEMESTER 3\2. PENGEMBANGAN APLIKASI BERBASIS WEB\TUBES\Look4Job\public\index.php(45): CodeIgniter\CodeIgniter->run()
#8 C:\MINE\INFORMATICS\SEMESTER 3\2. PENGEMBANGAN APLIKASI BERBASIS WEB\TUBES\Look4Job\vendor\codeigniter4\framework\system\Commands\Server\rewrite.php(34): require_once('C:\\MINE\\INFORMA...')
#9 {main}
CRITICAL - 2020-12-20 11:18:04 --> Trying to access array offset on value of type null
#0 C:\MINE\INFORMATICS\SEMESTER 3\2. PENGEMBANGAN APLIKASI BERBASIS WEB\TUBES\Look4Job\app\Views\pages\createJobs.php(10): CodeIgniter\Debug\Exceptions->errorHandler(8, 'Trying to acces...', 'C:\\MINE\\INFORMA...', 10, Array)
#1 C:\MINE\INFORMATICS\SEMESTER 3\2. PENGEMBANGAN APLIKASI BERBASIS WEB\TUBES\Look4Job\vendor\codeigniter4\framework\system\View\View.php(246): include('C:\\MINE\\INFORMA...')
#2 C:\MINE\INFORMATICS\SEMESTER 3\2. PENGEMBANGAN APLIKASI BERBASIS WEB\TUBES\Look4Job\vendor\codeigniter4\framework\system\Common.php(1119): CodeIgniter\View\View->render('pages/createJob...', Array, true)
#3 C:\MINE\INFORMATICS\SEMESTER 3\2. PENGEMBANGAN APLIKASI BERBASIS WEB\TUBES\Look4Job\app\Controllers\pages.php(138): view('pages/createJob...', Array)
#4 C:\MINE\INFORMATICS\SEMESTER 3\2. PENGEMBANGAN APLIKASI BERBASIS WEB\TUBES\Look4Job\vendor\codeigniter4\framework\system\CodeIgniter.php(918): App\Controllers\Pages->createJobs('css', 'style.css')
#5 C:\MINE\INFORMATICS\SEMESTER 3\2. PENGEMBANGAN APLIKASI BERBASIS WEB\TUBES\Look4Job\vendor\codeigniter4\framework\system\CodeIgniter.php(404): CodeIgniter\CodeIgniter->runController(Object(App\Controllers\Pages))
#6 C:\MINE\INFORMATICS\SEMESTER 3\2. PENGEMBANGAN APLIKASI BERBASIS WEB\TUBES\Look4Job\vendor\codeigniter4\framework\system\CodeIgniter.php(312): CodeIgniter\CodeIgniter->handleRequest(NULL, Object(Config\Cache), false)
#7 C:\MINE\INFORMATICS\SEMESTER 3\2. PENGEMBANGAN APLIKASI BERBASIS WEB\TUBES\Look4Job\public\index.php(45): CodeIgniter\CodeIgniter->run()
#8 C:\MINE\INFORMATICS\SEMESTER 3\2. PENGEMBANGAN APLIKASI BERBASIS WEB\TUBES\Look4Job\vendor\codeigniter4\framework\system\Commands\Server\rewrite.php(34): require_once('C:\\MINE\\INFORMA...')
#9 {main}
CRITICAL - 2020-12-20 11:19:55 --> Trying to access array offset on value of type null
#0 C:\MINE\INFORMATICS\SEMESTER 3\2. PENGEMBANGAN APLIKASI BERBASIS WEB\TUBES\Look4Job\app\Views\pages\profil.php(10): CodeIgniter\Debug\Exceptions->errorHandler(8, 'Trying to acces...', 'C:\\MINE\\INFORMA...', 10, Array)
#1 C:\MINE\INFORMATICS\SEMESTER 3\2. PENGEMBANGAN APLIKASI BERBASIS WEB\TUBES\Look4Job\vendor\codeigniter4\framework\system\View\View.php(246): include('C:\\MINE\\INFORMA...')
#2 C:\MINE\INFORMATICS\SEMESTER 3\2. PENGEMBANGAN APLIKASI BERBASIS WEB\TUBES\Look4Job\vendor\codeigniter4\framework\system\Common.php(1119): CodeIgniter\View\View->render('pages/profil', Array, true)
#3 C:\MINE\INFORMATICS\SEMESTER 3\2. PENGEMBANGAN APLIKASI BERBASIS WEB\TUBES\Look4Job\app\Controllers\pages.php(162): view('pages/profil', Array)
#4 C:\MINE\INFORMATICS\SEMESTER 3\2. PENGEMBANGAN APLIKASI BERBASIS WEB\TUBES\Look4Job\vendor\codeigniter4\framework\system\CodeIgniter.php(918): App\Controllers\Pages->profil('css', 'style.css')
#5 C:\MINE\INFORMATICS\SEMESTER 3\2. PENGEMBANGAN APLIKASI BERBASIS WEB\TUBES\Look4Job\vendor\codeigniter4\framework\system\CodeIgniter.php(404): CodeIgniter\CodeIgniter->runController(Object(App\Controllers\Pages))
#6 C:\MINE\INFORMATICS\SEMESTER 3\2. PENGEMBANGAN APLIKASI BERBASIS WEB\TUBES\Look4Job\vendor\codeigniter4\framework\system\CodeIgniter.php(312): CodeIgniter\CodeIgniter->handleRequest(NULL, Object(Config\Cache), false)
#7 C:\MINE\INFORMATICS\SEMESTER 3\2. PENGEMBANGAN APLIKASI BERBASIS WEB\TUBES\Look4Job\public\index.php(45): CodeIgniter\CodeIgniter->run()
#8 C:\MINE\INFORMATICS\SEMESTER 3\2. PENGEMBANGAN APLIKASI BERBASIS WEB\TUBES\Look4Job\vendor\codeigniter4\framework\system\Commands\Server\rewrite.php(34): require_once('C:\\MINE\\INFORMA...')
#9 {main}
CRITICAL - 2020-12-20 11:19:55 --> Trying to access array offset on value of type null
#0 C:\MINE\INFORMATICS\SEMESTER 3\2. PENGEMBANGAN APLIKASI BERBASIS WEB\TUBES\Look4Job\app\Views\pages\profil.php(10): CodeIgniter\Debug\Exceptions->errorHandler(8, 'Trying to acces...', 'C:\\MINE\\INFORMA...', 10, Array)
#1 C:\MINE\INFORMATICS\SEMESTER 3\2. PENGEMBANGAN APLIKASI BERBASIS WEB\TUBES\Look4Job\vendor\codeigniter4\framework\system\View\View.php(246): include('C:\\MINE\\INFORMA...')
#2 C:\MINE\INFORMATICS\SEMESTER 3\2. PENGEMBANGAN APLIKASI BERBASIS WEB\TUBES\Look4Job\vendor\codeigniter4\framework\system\Common.php(1119): CodeIgniter\View\View->render('pages/profil', Array, true)
#3 C:\MINE\INFORMATICS\SEMESTER 3\2. PENGEMBANGAN APLIKASI BERBASIS WEB\TUBES\Look4Job\app\Controllers\pages.php(162): view('pages/profil', Array)
#4 C:\MINE\INFORMATICS\SEMESTER 3\2. PENGEMBANGAN APLIKASI BERBASIS WEB\TUBES\Look4Job\vendor\codeigniter4\framework\system\CodeIgniter.php(918): App\Controllers\Pages->profil('css', 'style.css')
#5 C:\MINE\INFORMATICS\SEMESTER 3\2. PENGEMBANGAN APLIKASI BERBASIS WEB\TUBES\Look4Job\vendor\codeigniter4\framework\system\CodeIgniter.php(404): CodeIgniter\CodeIgniter->runController(Object(App\Controllers\Pages))
#6 C:\MINE\INFORMATICS\SEMESTER 3\2. PENGEMBANGAN APLIKASI BERBASIS WEB\TUBES\Look4Job\vendor\codeigniter4\framework\system\CodeIgniter.php(312): CodeIgniter\CodeIgniter->handleRequest(NULL, Object(Config\Cache), false)
#7 C:\MINE\INFORMATICS\SEMESTER 3\2. PENGEMBANGAN APLIKASI BERBASIS WEB\TUBES\Look4Job\public\index.php(45): CodeIgniter\CodeIgniter->run()
#8 C:\MINE\INFORMATICS\SEMESTER 3\2. PENGEMBANGAN APLIKASI BERBASIS WEB\TUBES\Look4Job\vendor\codeigniter4\framework\system\Commands\Server\rewrite.php(34): require_once('C:\\MINE\\INFORMA...')
#9 {main}
CRITICAL - 2020-12-20 11:20:22 --> Trying to access array offset on value of type null
#0 C:\MINE\INFORMATICS\SEMESTER 3\2. PENGEMBANGAN APLIKASI BERBASIS WEB\TUBES\Look4Job\app\Views\pages\profil.php(10): CodeIgniter\Debug\Exceptions->errorHandler(8, 'Trying to acces...', 'C:\\MINE\\INFORMA...', 10, Array)
#1 C:\MINE\INFORMATICS\SEMESTER 3\2. PENGEMBANGAN APLIKASI BERBASIS WEB\TUBES\Look4Job\vendor\codeigniter4\framework\system\View\View.php(246): include('C:\\MINE\\INFORMA...')
#2 C:\MINE\INFORMATICS\SEMESTER 3\2. PENGEMBANGAN APLIKASI BERBASIS WEB\TUBES\Look4Job\vendor\codeigniter4\framework\system\Common.php(1119): CodeIgniter\View\View->render('pages/profil', Array, true)
#3 C:\MINE\INFORMATICS\SEMESTER 3\2. PENGEMBANGAN APLIKASI BERBASIS WEB\TUBES\Look4Job\app\Controllers\pages.php(162): view('pages/profil', Array)
#4 C:\MINE\INFORMATICS\SEMESTER 3\2. PENGEMBANGAN APLIKASI BERBASIS WEB\TUBES\Look4Job\vendor\codeigniter4\framework\system\CodeIgniter.php(918): App\Controllers\Pages->profil('css', 'style.css')
#5 C:\MINE\INFORMATICS\SEMESTER 3\2. PENGEMBANGAN APLIKASI BERBASIS WEB\TUBES\Look4Job\vendor\codeigniter4\framework\system\CodeIgniter.php(404): CodeIgniter\CodeIgniter->runController(Object(App\Controllers\Pages))
#6 C:\MINE\INFORMATICS\SEMESTER 3\2. PENGEMBANGAN APLIKASI BERBASIS WEB\TUBES\Look4Job\vendor\codeigniter4\framework\system\CodeIgniter.php(312): CodeIgniter\CodeIgniter->handleRequest(NULL, Object(Config\Cache), false)
#7 C:\MINE\INFORMATICS\SEMESTER 3\2. PENGEMBANGAN APLIKASI BERBASIS WEB\TUBES\Look4Job\public\index.php(45): CodeIgniter\CodeIgniter->run()
#8 C:\MINE\INFORMATICS\SEMESTER 3\2. PENGEMBANGAN APLIKASI BERBASIS WEB\TUBES\Look4Job\vendor\codeigniter4\framework\system\Commands\Server\rewrite.php(34): require_once('C:\\MINE\\INFORMA...')
#9 {main}
CRITICAL - 2020-12-20 11:20:23 --> Trying to access array offset on value of type null
#0 C:\MINE\INFORMATICS\SEMESTER 3\2. PENGEMBANGAN APLIKASI BERBASIS WEB\TUBES\Look4Job\app\Views\pages\profil.php(10): CodeIgniter\Debug\Exceptions->errorHandler(8, 'Trying to acces...', 'C:\\MINE\\INFORMA...', 10, Array)
#1 C:\MINE\INFORMATICS\SEMESTER 3\2. PENGEMBANGAN APLIKASI BERBASIS WEB\TUBES\Look4Job\vendor\codeigniter4\framework\system\View\View.php(246): include('C:\\MINE\\INFORMA...')
#2 C:\MINE\INFORMATICS\SEMESTER 3\2. PENGEMBANGAN APLIKASI BERBASIS WEB\TUBES\Look4Job\vendor\codeigniter4\framework\system\Common.php(1119): CodeIgniter\View\View->render('pages/profil', Array, true)
#3 C:\MINE\INFORMATICS\SEMESTER 3\2. PENGEMBANGAN APLIKASI BERBASIS WEB\TUBES\Look4Job\app\Controllers\pages.php(162): view('pages/profil', Array)
#4 C:\MINE\INFORMATICS\SEMESTER 3\2. PENGEMBANGAN APLIKASI BERBASIS WEB\TUBES\Look4Job\vendor\codeigniter4\framework\system\CodeIgniter.php(918): App\Controllers\Pages->profil('css', 'style.css')
#5 C:\MINE\INFORMATICS\SEMESTER 3\2. PENGEMBANGAN APLIKASI BERBASIS WEB\TUBES\Look4Job\vendor\codeigniter4\framework\system\CodeIgniter.php(404): CodeIgniter\CodeIgniter->runController(Object(App\Controllers\Pages))
#6 C:\MINE\INFORMATICS\SEMESTER 3\2. PENGEMBANGAN APLIKASI BERBASIS WEB\TUBES\Look4Job\vendor\codeigniter4\framework\system\CodeIgniter.php(312): CodeIgniter\CodeIgniter->handleRequest(NULL, Object(Config\Cache), false)
#7 C:\MINE\INFORMATICS\SEMESTER 3\2. PENGEMBANGAN APLIKASI BERBASIS WEB\TUBES\Look4Job\public\index.php(45): CodeIgniter\CodeIgniter->run()
#8 C:\MINE\INFORMATICS\SEMESTER 3\2. PENGEMBANGAN APLIKASI BERBASIS WEB\TUBES\Look4Job\vendor\codeigniter4\framework\system\Commands\Server\rewrite.php(34): require_once('C:\\MINE\\INFORMA...')
#9 {main}
CRITICAL - 2020-12-20 11:20:32 --> Trying to access array offset on value of type null
#0 C:\MINE\INFORMATICS\SEMESTER 3\2. PENGEMBANGAN APLIKASI BERBASIS WEB\TUBES\Look4Job\app\Views\pages\createJobs.php(10): CodeIgniter\Debug\Exceptions->errorHandler(8, 'Trying to acces...', 'C:\\MINE\\INFORMA...', 10, Array)
#1 C:\MINE\INFORMATICS\SEMESTER 3\2. PENGEMBANGAN APLIKASI BERBASIS WEB\TUBES\Look4Job\vendor\codeigniter4\framework\system\View\View.php(246): include('C:\\MINE\\INFORMA...')
#2 C:\MINE\INFORMATICS\SEMESTER 3\2. PENGEMBANGAN APLIKASI BERBASIS WEB\TUBES\Look4Job\vendor\codeigniter4\framework\system\Common.php(1119): CodeIgniter\View\View->render('pages/createJob...', Array, true)
#3 C:\MINE\INFORMATICS\SEMESTER 3\2. PENGEMBANGAN APLIKASI BERBASIS WEB\TUBES\Look4Job\app\Controllers\pages.php(138): view('pages/createJob...', Array)
#4 C:\MINE\INFORMATICS\SEMESTER 3\2. PENGEMBANGAN APLIKASI BERBASIS WEB\TUBES\Look4Job\vendor\codeigniter4\framework\system\CodeIgniter.php(918): App\Controllers\Pages->createJobs('css', 'style.css')
#5 C:\MINE\INFORMATICS\SEMESTER 3\2. PENGEMBANGAN APLIKASI BERBASIS WEB\TUBES\Look4Job\vendor\codeigniter4\framework\system\CodeIgniter.php(404): CodeIgniter\CodeIgniter->runController(Object(App\Controllers\Pages))
#6 C:\MINE\INFORMATICS\SEMESTER 3\2. PENGEMBANGAN APLIKASI BERBASIS WEB\TUBES\Look4Job\vendor\codeigniter4\framework\system\CodeIgniter.php(312): CodeIgniter\CodeIgniter->handleRequest(NULL, Object(Config\Cache), false)
#7 C:\MINE\INFORMATICS\SEMESTER 3\2. PENGEMBANGAN APLIKASI BERBASIS WEB\TUBES\Look4Job\public\index.php(45): CodeIgniter\CodeIgniter->run()
#8 C:\MINE\INFORMATICS\SEMESTER 3\2. PENGEMBANGAN APLIKASI BERBASIS WEB\TUBES\Look4Job\vendor\codeigniter4\framework\system\Commands\Server\rewrite.php(34): require_once('C:\\MINE\\INFORMA...')
#9 {main}
CRITICAL - 2020-12-20 11:20:32 --> Trying to access array offset on value of type null
#0 C:\MINE\INFORMATICS\SEMESTER 3\2. PENGEMBANGAN APLIKASI BERBASIS WEB\TUBES\Look4Job\app\Views\pages\createJobs.php(10): CodeIgniter\Debug\Exceptions->errorHandler(8, 'Trying to acces...', 'C:\\MINE\\INFORMA...', 10, Array)
#1 C:\MINE\INFORMATICS\SEMESTER 3\2. PENGEMBANGAN APLIKASI BERBASIS WEB\TUBES\Look4Job\vendor\codeigniter4\framework\system\View\View.php(246): include('C:\\MINE\\INFORMA...')
#2 C:\MINE\INFORMATICS\SEMESTER 3\2. PENGEMBANGAN APLIKASI BERBASIS WEB\TUBES\Look4Job\vendor\codeigniter4\framework\system\Common.php(1119): CodeIgniter\View\View->render('pages/createJob...', Array, true)
#3 C:\MINE\INFORMATICS\SEMESTER 3\2. PENGEMBANGAN APLIKASI BERBASIS WEB\TUBES\Look4Job\app\Controllers\pages.php(138): view('pages/createJob...', Array)
#4 C:\MINE\INFORMATICS\SEMESTER 3\2. PENGEMBANGAN APLIKASI BERBASIS WEB\TUBES\Look4Job\vendor\codeigniter4\framework\system\CodeIgniter.php(918): App\Controllers\Pages->createJobs('css', 'style.css')
#5 C:\MINE\INFORMATICS\SEMESTER 3\2. PENGEMBANGAN APLIKASI BERBASIS WEB\TUBES\Look4Job\vendor\codeigniter4\framework\system\CodeIgniter.php(404): CodeIgniter\CodeIgniter->runController(Object(App\Controllers\Pages))
#6 C:\MINE\INFORMATICS\SEMESTER 3\2. PENGEMBANGAN APLIKASI BERBASIS WEB\TUBES\Look4Job\vendor\codeigniter4\framework\system\CodeIgniter.php(312): CodeIgniter\CodeIgniter->handleRequest(NULL, Object(Config\Cache), false)
#7 C:\MINE\INFORMATICS\SEMESTER 3\2. PENGEMBANGAN APLIKASI BERBASIS WEB\TUBES\Look4Job\public\index.php(45): CodeIgniter\CodeIgniter->run()
#8 C:\MINE\INFORMATICS\SEMESTER 3\2. PENGEMBANGAN APLIKASI BERBASIS WEB\TUBES\Look4Job\vendor\codeigniter4\framework\system\Commands\Server\rewrite.php(34): require_once('C:\\MINE\\INFORMA...')
#9 {main}
CRITICAL - 2020-12-20 11:20:45 --> Trying to access array offset on value of type null
#0 C:\MINE\INFORMATICS\SEMESTER 3\2. PENGEMBANGAN APLIKASI BERBASIS WEB\TUBES\Look4Job\app\Views\pages\profil.php(10): CodeIgniter\Debug\Exceptions->errorHandler(8, 'Trying to acces...', 'C:\\MINE\\INFORMA...', 10, Array)
#1 C:\MINE\INFORMATICS\SEMESTER 3\2. PENGEMBANGAN APLIKASI BERBASIS WEB\TUBES\Look4Job\vendor\codeigniter4\framework\system\View\View.php(246): include('C:\\MINE\\INFORMA...')
#2 C:\MINE\INFORMATICS\SEMESTER 3\2. PENGEMBANGAN APLIKASI BERBASIS WEB\TUBES\Look4Job\vendor\codeigniter4\framework\system\Common.php(1119): CodeIgniter\View\View->render('pages/profil', Array, true)
#3 C:\MINE\INFORMATICS\SEMESTER 3\2. PENGEMBANGAN APLIKASI BERBASIS WEB\TUBES\Look4Job\app\Controllers\pages.php(162): view('pages/profil', Array)
#4 C:\MINE\INFORMATICS\SEMESTER 3\2. PENGEMBANGAN APLIKASI BERBASIS WEB\TUBES\Look4Job\vendor\codeigniter4\framework\system\CodeIgniter.php(918): App\Controllers\Pages->profil('css', 'style.css')
#5 C:\MINE\INFORMATICS\SEMESTER 3\2. PENGEMBANGAN APLIKASI BERBASIS WEB\TUBES\Look4Job\vendor\codeigniter4\framework\system\CodeIgniter.php(404): CodeIgniter\CodeIgniter->runController(Object(App\Controllers\Pages))
#6 C:\MINE\INFORMATICS\SEMESTER 3\2. PENGEMBANGAN APLIKASI BERBASIS WEB\TUBES\Look4Job\vendor\codeigniter4\framework\system\CodeIgniter.php(312): CodeIgniter\CodeIgniter->handleRequest(NULL, Object(Config\Cache), false)
#7 C:\MINE\INFORMATICS\SEMESTER 3\2. PENGEMBANGAN APLIKASI BERBASIS WEB\TUBES\Look4Job\public\index.php(45): CodeIgniter\CodeIgniter->run()
#8 C:\MINE\INFORMATICS\SEMESTER 3\2. PENGEMBANGAN APLIKASI BERBASIS WEB\TUBES\Look4Job\vendor\codeigniter4\framework\system\Commands\Server\rewrite.php(34): require_once('C:\\MINE\\INFORMA...')
#9 {main}
CRITICAL - 2020-12-20 11:20:45 --> Trying to access array offset on value of type null
#0 C:\MINE\INFORMATICS\SEMESTER 3\2. PENGEMBANGAN APLIKASI BERBASIS WEB\TUBES\Look4Job\app\Views\pages\profil.php(10): CodeIgniter\Debug\Exceptions->errorHandler(8, 'Trying to acces...', 'C:\\MINE\\INFORMA...', 10, Array)
#1 C:\MINE\INFORMATICS\SEMESTER 3\2. PENGEMBANGAN APLIKASI BERBASIS WEB\TUBES\Look4Job\vendor\codeigniter4\framework\system\View\View.php(246): include('C:\\MINE\\INFORMA...')
#2 C:\MINE\INFORMATICS\SEMESTER 3\2. PENGEMBANGAN APLIKASI BERBASIS WEB\TUBES\Look4Job\vendor\codeigniter4\framework\system\Common.php(1119): CodeIgniter\View\View->render('pages/profil', Array, true)
#3 C:\MINE\INFORMATICS\SEMESTER 3\2. PENGEMBANGAN APLIKASI BERBASIS WEB\TUBES\Look4Job\app\Controllers\pages.php(162): view('pages/profil', Array)
#4 C:\MINE\INFORMATICS\SEMESTER 3\2. PENGEMBANGAN APLIKASI BERBASIS WEB\TUBES\Look4Job\vendor\codeigniter4\framework\system\CodeIgniter.php(918): App\Controllers\Pages->profil('css', 'style.css')
#5 C:\MINE\INFORMATICS\SEMESTER 3\2. PENGEMBANGAN APLIKASI BERBASIS WEB\TUBES\Look4Job\vendor\codeigniter4\framework\system\CodeIgniter.php(404): CodeIgniter\CodeIgniter->runController(Object(App\Controllers\Pages))
#6 C:\MINE\INFORMATICS\SEMESTER 3\2. PENGEMBANGAN APLIKASI BERBASIS WEB\TUBES\Look4Job\vendor\codeigniter4\framework\system\CodeIgniter.php(312): CodeIgniter\CodeIgniter->handleRequest(NULL, Object(Config\Cache), false)
#7 C:\MINE\INFORMATICS\SEMESTER 3\2. PENGEMBANGAN APLIKASI BERBASIS WEB\TUBES\Look4Job\public\index.php(45): CodeIgniter\CodeIgniter->run()
#8 C:\MINE\INFORMATICS\SEMESTER 3\2. PENGEMBANGAN APLIKASI BERBASIS WEB\TUBES\Look4Job\vendor\codeigniter4\framework\system\Commands\Server\rewrite.php(34): require_once('C:\\MINE\\INFORMA...')
#9 {main}
CRITICAL - 2020-12-20 11:21:52 --> Trying to access array offset on value of type null
#0 C:\MINE\INFORMATICS\SEMESTER 3\2. PENGEMBANGAN APLIKASI BERBASIS WEB\TUBES\Look4Job\app\Views\pages\profil.php(10): CodeIgniter\Debug\Exceptions->errorHandler(8, 'Trying to acces...', 'C:\\MINE\\INFORMA...', 10, Array)
#1 C:\MINE\INFORMATICS\SEMESTER 3\2. PENGEMBANGAN APLIKASI BERBASIS WEB\TUBES\Look4Job\vendor\codeigniter4\framework\system\View\View.php(246): include('C:\\MINE\\INFORMA...')
#2 C:\MINE\INFORMATICS\SEMESTER 3\2. PENGEMBANGAN APLIKASI BERBASIS WEB\TUBES\Look4Job\vendor\codeigniter4\framework\system\Common.php(1119): CodeIgniter\View\View->render('pages/profil', Array, true)
#3 C:\MINE\INFORMATICS\SEMESTER 3\2. PENGEMBANGAN APLIKASI BERBASIS WEB\TUBES\Look4Job\app\Controllers\pages.php(162): view('pages/profil', Array)
#4 C:\MINE\INFORMATICS\SEMESTER 3\2. PENGEMBANGAN APLIKASI BERBASIS WEB\TUBES\Look4Job\vendor\codeigniter4\framework\system\CodeIgniter.php(918): App\Controllers\Pages->profil('css', 'style.css')
#5 C:\MINE\INFORMATICS\SEMESTER 3\2. PENGEMBANGAN APLIKASI BERBASIS WEB\TUBES\Look4Job\vendor\codeigniter4\framework\system\CodeIgniter.php(404): CodeIgniter\CodeIgniter->runController(Object(App\Controllers\Pages))
#6 C:\MINE\INFORMATICS\SEMESTER 3\2. PENGEMBANGAN APLIKASI BERBASIS WEB\TUBES\Look4Job\vendor\codeigniter4\framework\system\CodeIgniter.php(312): CodeIgniter\CodeIgniter->handleRequest(NULL, Object(Config\Cache), false)
#7 C:\MINE\INFORMATICS\SEMESTER 3\2. PENGEMBANGAN APLIKASI BERBASIS WEB\TUBES\Look4Job\public\index.php(45): CodeIgniter\CodeIgniter->run()
#8 C:\MINE\INFORMATICS\SEMESTER 3\2. PENGEMBANGAN APLIKASI BERBASIS WEB\TUBES\Look4Job\vendor\codeigniter4\framework\system\Commands\Server\rewrite.php(34): require_once('C:\\MINE\\INFORMA...')
#9 {main}
CRITICAL - 2020-12-20 11:21:52 --> Trying to access array offset on value of type null
#0 C:\MINE\INFORMATICS\SEMESTER 3\2. PENGEMBANGAN APLIKASI BERBASIS WEB\TUBES\Look4Job\app\Views\pages\profil.php(10): CodeIgniter\Debug\Exceptions->errorHandler(8, 'Trying to acces...', 'C:\\MINE\\INFORMA...', 10, Array)
#1 C:\MINE\INFORMATICS\SEMESTER 3\2. PENGEMBANGAN APLIKASI BERBASIS WEB\TUBES\Look4Job\vendor\codeigniter4\framework\system\View\View.php(246): include('C:\\MINE\\INFORMA...')
#2 C:\MINE\INFORMATICS\SEMESTER 3\2. PENGEMBANGAN APLIKASI BERBASIS WEB\TUBES\Look4Job\vendor\codeigniter4\framework\system\Common.php(1119): CodeIgniter\View\View->render('pages/profil', Array, true)
#3 C:\MINE\INFORMATICS\SEMESTER 3\2. PENGEMBANGAN APLIKASI BERBASIS WEB\TUBES\Look4Job\app\Controllers\pages.php(162): view('pages/profil', Array)
#4 C:\MINE\INFORMATICS\SEMESTER 3\2. PENGEMBANGAN APLIKASI BERBASIS WEB\TUBES\Look4Job\vendor\codeigniter4\framework\system\CodeIgniter.php(918): App\Controllers\Pages->profil('css', 'style.css')
#5 C:\MINE\INFORMATICS\SEMESTER 3\2. PENGEMBANGAN APLIKASI BERBASIS WEB\TUBES\Look4Job\vendor\codeigniter4\framework\system\CodeIgniter.php(404): CodeIgniter\CodeIgniter->runController(Object(App\Controllers\Pages))
#6 C:\MINE\INFORMATICS\SEMESTER 3\2. PENGEMBANGAN APLIKASI BERBASIS WEB\TUBES\Look4Job\vendor\codeigniter4\framework\system\CodeIgniter.php(312): CodeIgniter\CodeIgniter->handleRequest(NULL, Object(Config\Cache), false)
#7 C:\MINE\INFORMATICS\SEMESTER 3\2. PENGEMBANGAN APLIKASI BERBASIS WEB\TUBES\Look4Job\public\index.php(45): CodeIgniter\CodeIgniter->run()
#8 C:\MINE\INFORMATICS\SEMESTER 3\2. PENGEMBANGAN APLIKASI BERBASIS WEB\TUBES\Look4Job\vendor\codeigniter4\framework\system\Commands\Server\rewrite.php(34): require_once('C:\\MINE\\INFORMA...')
#9 {main}
CRITICAL - 2020-12-20 11:22:32 --> Trying to access array offset on value of type null
#0 C:\MINE\INFORMATICS\SEMESTER 3\2. PENGEMBANGAN APLIKASI BERBASIS WEB\TUBES\Look4Job\app\Views\pages\profil.php(10): CodeIgniter\Debug\Exceptions->errorHandler(8, 'Trying to acces...', 'C:\\MINE\\INFORMA...', 10, Array)
#1 C:\MINE\INFORMATICS\SEMESTER 3\2. PENGEMBANGAN APLIKASI BERBASIS WEB\TUBES\Look4Job\vendor\codeigniter4\framework\system\View\View.php(246): include('C:\\MINE\\INFORMA...')
#2 C:\MINE\INFORMATICS\SEMESTER 3\2. PENGEMBANGAN APLIKASI BERBASIS WEB\TUBES\Look4Job\vendor\codeigniter4\framework\system\Common.php(1119): CodeIgniter\View\View->render('pages/profil', Array, true)
#3 C:\MINE\INFORMATICS\SEMESTER 3\2. PENGEMBANGAN APLIKASI BERBASIS WEB\TUBES\Look4Job\app\Controllers\pages.php(162): view('pages/profil', Array)
#4 C:\MINE\INFORMATICS\SEMESTER 3\2. PENGEMBANGAN APLIKASI BERBASIS WEB\TUBES\Look4Job\vendor\codeigniter4\framework\system\CodeIgniter.php(918): App\Controllers\Pages->profil('css', 'style.css')
#5 C:\MINE\INFORMATICS\SEMESTER 3\2. PENGEMBANGAN APLIKASI BERBASIS WEB\TUBES\Look4Job\vendor\codeigniter4\framework\system\CodeIgniter.php(404): CodeIgniter\CodeIgniter->runController(Object(App\Controllers\Pages))
#6 C:\MINE\INFORMATICS\SEMESTER 3\2. PENGEMBANGAN APLIKASI BERBASIS WEB\TUBES\Look4Job\vendor\codeigniter4\framework\system\CodeIgniter.php(312): CodeIgniter\CodeIgniter->handleRequest(NULL, Object(Config\Cache), false)
#7 C:\MINE\INFORMATICS\SEMESTER 3\2. PENGEMBANGAN APLIKASI BERBASIS WEB\TUBES\Look4Job\public\index.php(45): CodeIgniter\CodeIgniter->run()
#8 C:\MINE\INFORMATICS\SEMESTER 3\2. PENGEMBANGAN APLIKASI BERBASIS WEB\TUBES\Look4Job\vendor\codeigniter4\framework\system\Commands\Server\rewrite.php(34): require_once('C:\\MINE\\INFORMA...')
#9 {main}
CRITICAL - 2020-12-20 11:22:32 --> Trying to access array offset on value of type null
#0 C:\MINE\INFORMATICS\SEMESTER 3\2. PENGEMBANGAN APLIKASI BERBASIS WEB\TUBES\Look4Job\app\Views\pages\profil.php(10): CodeIgniter\Debug\Exceptions->errorHandler(8, 'Trying to acces...', 'C:\\MINE\\INFORMA...', 10, Array)
#1 C:\MINE\INFORMATICS\SEMESTER 3\2. PENGEMBANGAN APLIKASI BERBASIS WEB\TUBES\Look4Job\vendor\codeigniter4\framework\system\View\View.php(246): include('C:\\MINE\\INFORMA...')
#2 C:\MINE\INFORMATICS\SEMESTER 3\2. PENGEMBANGAN APLIKASI BERBASIS WEB\TUBES\Look4Job\vendor\codeigniter4\framework\system\Common.php(1119): CodeIgniter\View\View->render('pages/profil', Array, true)
#3 C:\MINE\INFORMATICS\SEMESTER 3\2. PENGEMBANGAN APLIKASI BERBASIS WEB\TUBES\Look4Job\app\Controllers\pages.php(162): view('pages/profil', Array)
#4 C:\MINE\INFORMATICS\SEMESTER 3\2. PENGEMBANGAN APLIKASI BERBASIS WEB\TUBES\Look4Job\vendor\codeigniter4\framework\system\CodeIgniter.php(918): App\Controllers\Pages->profil('css', 'style.css')
#5 C:\MINE\INFORMATICS\SEMESTER 3\2. PENGEMBANGAN APLIKASI BERBASIS WEB\TUBES\Look4Job\vendor\codeigniter4\framework\system\CodeIgniter.php(404): CodeIgniter\CodeIgniter->runController(Object(App\Controllers\Pages))
#6 C:\MINE\INFORMATICS\SEMESTER 3\2. PENGEMBANGAN APLIKASI BERBASIS WEB\TUBES\Look4Job\vendor\codeigniter4\framework\system\CodeIgniter.php(312): CodeIgniter\CodeIgniter->handleRequest(NULL, Object(Config\Cache), false)
#7 C:\MINE\INFORMATICS\SEMESTER 3\2. PENGEMBANGAN APLIKASI BERBASIS WEB\TUBES\Look4Job\public\index.php(45): CodeIgniter\CodeIgniter->run()
#8 C:\MINE\INFORMATICS\SEMESTER 3\2. PENGEMBANGAN APLIKASI BERBASIS WEB\TUBES\Look4Job\vendor\codeigniter4\framework\system\Commands\Server\rewrite.php(34): require_once('C:\\MINE\\INFORMA...')
#9 {main}
CRITICAL - 2020-12-20 11:22:36 --> Trying to access array offset on value of type null
#0 C:\MINE\INFORMATICS\SEMESTER 3\2. PENGEMBANGAN APLIKASI BERBASIS WEB\TUBES\Look4Job\app\Views\pages\createJobs.php(10): CodeIgniter\Debug\Exceptions->errorHandler(8, 'Trying to acces...', 'C:\\MINE\\INFORMA...', 10, Array)
#1 C:\MINE\INFORMATICS\SEMESTER 3\2. PENGEMBANGAN APLIKASI BERBASIS WEB\TUBES\Look4Job\vendor\codeigniter4\framework\system\View\View.php(246): include('C:\\MINE\\INFORMA...')
#2 C:\MINE\INFORMATICS\SEMESTER 3\2. PENGEMBANGAN APLIKASI BERBASIS WEB\TUBES\Look4Job\vendor\codeigniter4\framework\system\Common.php(1119): CodeIgniter\View\View->render('pages/createJob...', Array, true)
#3 C:\MINE\INFORMATICS\SEMESTER 3\2. PENGEMBANGAN APLIKASI BERBASIS WEB\TUBES\Look4Job\app\Controllers\pages.php(138): view('pages/createJob...', Array)
#4 C:\MINE\INFORMATICS\SEMESTER 3\2. PENGEMBANGAN APLIKASI BERBASIS WEB\TUBES\Look4Job\vendor\codeigniter4\framework\system\CodeIgniter.php(918): App\Controllers\Pages->createJobs('css', 'style.css')
#5 C:\MINE\INFORMATICS\SEMESTER 3\2. PENGEMBANGAN APLIKASI BERBASIS WEB\TUBES\Look4Job\vendor\codeigniter4\framework\system\CodeIgniter.php(404): CodeIgniter\CodeIgniter->runController(Object(App\Controllers\Pages))
#6 C:\MINE\INFORMATICS\SEMESTER 3\2. PENGEMBANGAN APLIKASI BERBASIS WEB\TUBES\Look4Job\vendor\codeigniter4\framework\system\CodeIgniter.php(312): CodeIgniter\CodeIgniter->handleRequest(NULL, Object(Config\Cache), false)
#7 C:\MINE\INFORMATICS\SEMESTER 3\2. PENGEMBANGAN APLIKASI BERBASIS WEB\TUBES\Look4Job\public\index.php(45): CodeIgniter\CodeIgniter->run()
#8 C:\MINE\INFORMATICS\SEMESTER 3\2. PENGEMBANGAN APLIKASI BERBASIS WEB\TUBES\Look4Job\vendor\codeigniter4\framework\system\Commands\Server\rewrite.php(34): require_once('C:\\MINE\\INFORMA...')
#9 {main}
CRITICAL - 2020-12-20 11:22:37 --> Trying to access array offset on value of type null
#0 C:\MINE\INFORMATICS\SEMESTER 3\2. PENGEMBANGAN APLIKASI BERBASIS WEB\TUBES\Look4Job\app\Views\pages\createJobs.php(10): CodeIgniter\Debug\Exceptions->errorHandler(8, 'Trying to acces...', 'C:\\MINE\\INFORMA...', 10, Array)
#1 C:\MINE\INFORMATICS\SEMESTER 3\2. PENGEMBANGAN APLIKASI BERBASIS WEB\TUBES\Look4Job\vendor\codeigniter4\framework\system\View\View.php(246): include('C:\\MINE\\INFORMA...')
#2 C:\MINE\INFORMATICS\SEMESTER 3\2. PENGEMBANGAN APLIKASI BERBASIS WEB\TUBES\Look4Job\vendor\codeigniter4\framework\system\Common.php(1119): CodeIgniter\View\View->render('pages/createJob...', Array, true)
#3 C:\MINE\INFORMATICS\SEMESTER 3\2. PENGEMBANGAN APLIKASI BERBASIS WEB\TUBES\Look4Job\app\Controllers\pages.php(138): view('pages/createJob...', Array)
#4 C:\MINE\INFORMATICS\SEMESTER 3\2. PENGEMBANGAN APLIKASI BERBASIS WEB\TUBES\Look4Job\vendor\codeigniter4\framework\system\CodeIgniter.php(918): App\Controllers\Pages->createJobs('css', 'style.css')
#5 C:\MINE\INFORMATICS\SEMESTER 3\2. PENGEMBANGAN APLIKASI BERBASIS WEB\TUBES\Look4Job\vendor\codeigniter4\framework\system\CodeIgniter.php(404): CodeIgniter\CodeIgniter->runController(Object(App\Controllers\Pages))
#6 C:\MINE\INFORMATICS\SEMESTER 3\2. PENGEMBANGAN APLIKASI BERBASIS WEB\TUBES\Look4Job\vendor\codeigniter4\framework\system\CodeIgniter.php(312): CodeIgniter\CodeIgniter->handleRequest(NULL, Object(Config\Cache), false)
#7 C:\MINE\INFORMATICS\SEMESTER 3\2. PENGEMBANGAN APLIKASI BERBASIS WEB\TUBES\Look4Job\public\index.php(45): CodeIgniter\CodeIgniter->run()
#8 C:\MINE\INFORMATICS\SEMESTER 3\2. PENGEMBANGAN APLIKASI BERBASIS WEB\TUBES\Look4Job\vendor\codeigniter4\framework\system\Commands\Server\rewrite.php(34): require_once('C:\\MINE\\INFORMA...')
#9 {main}
CRITICAL - 2020-12-20 11:22:57 --> Trying to access array offset on value of type null
#0 C:\MINE\INFORMATICS\SEMESTER 3\2. PENGEMBANGAN APLIKASI BERBASIS WEB\TUBES\Look4Job\app\Views\pages\profil.php(10): CodeIgniter\Debug\Exceptions->errorHandler(8, 'Trying to acces...', 'C:\\MINE\\INFORMA...', 10, Array)
#1 C:\MINE\INFORMATICS\SEMESTER 3\2. PENGEMBANGAN APLIKASI BERBASIS WEB\TUBES\Look4Job\vendor\codeigniter4\framework\system\View\View.php(246): include('C:\\MINE\\INFORMA...')
#2 C:\MINE\INFORMATICS\SEMESTER 3\2. PENGEMBANGAN APLIKASI BERBASIS WEB\TUBES\Look4Job\vendor\codeigniter4\framework\system\Common.php(1119): CodeIgniter\View\View->render('pages/profil', Array, true)
#3 C:\MINE\INFORMATICS\SEMESTER 3\2. PENGEMBANGAN APLIKASI BERBASIS WEB\TUBES\Look4Job\app\Controllers\pages.php(162): view('pages/profil', Array)
#4 C:\MINE\INFORMATICS\SEMESTER 3\2. PENGEMBANGAN APLIKASI BERBASIS WEB\TUBES\Look4Job\vendor\codeigniter4\framework\system\CodeIgniter.php(918): App\Controllers\Pages->profil('css', 'style.css')
#5 C:\MINE\INFORMATICS\SEMESTER 3\2. PENGEMBANGAN APLIKASI BERBASIS WEB\TUBES\Look4Job\vendor\codeigniter4\framework\system\CodeIgniter.php(404): CodeIgniter\CodeIgniter->runController(Object(App\Controllers\Pages))
#6 C:\MINE\INFORMATICS\SEMESTER 3\2. PENGEMBANGAN APLIKASI BERBASIS WEB\TUBES\Look4Job\vendor\codeigniter4\framework\system\CodeIgniter.php(312): CodeIgniter\CodeIgniter->handleRequest(NULL, Object(Config\Cache), false)
#7 C:\MINE\INFORMATICS\SEMESTER 3\2. PENGEMBANGAN APLIKASI BERBASIS WEB\TUBES\Look4Job\public\index.php(45): CodeIgniter\CodeIgniter->run()
#8 C:\MINE\INFORMATICS\SEMESTER 3\2. PENGEMBANGAN APLIKASI BERBASIS WEB\TUBES\Look4Job\vendor\codeigniter4\framework\system\Commands\Server\rewrite.php(34): require_once('C:\\MINE\\INFORMA...')
#9 {main}
CRITICAL - 2020-12-20 11:22:58 --> Trying to access array offset on value of type null
#0 C:\MINE\INFORMATICS\SEMESTER 3\2. PENGEMBANGAN APLIKASI BERBASIS WEB\TUBES\Look4Job\app\Views\pages\profil.php(10): CodeIgniter\Debug\Exceptions->errorHandler(8, 'Trying to acces...', 'C:\\MINE\\INFORMA...', 10, Array)
#1 C:\MINE\INFORMATICS\SEMESTER 3\2. PENGEMBANGAN APLIKASI BERBASIS WEB\TUBES\Look4Job\vendor\codeigniter4\framework\system\View\View.php(246): include('C:\\MINE\\INFORMA...')
#2 C:\MINE\INFORMATICS\SEMESTER 3\2. PENGEMBANGAN APLIKASI BERBASIS WEB\TUBES\Look4Job\vendor\codeigniter4\framework\system\Common.php(1119): CodeIgniter\View\View->render('pages/profil', Array, true)
#3 C:\MINE\INFORMATICS\SEMESTER 3\2. PENGEMBANGAN APLIKASI BERBASIS WEB\TUBES\Look4Job\app\Controllers\pages.php(162): view('pages/profil', Array)
#4 C:\MINE\INFORMATICS\SEMESTER 3\2. PENGEMBANGAN APLIKASI BERBASIS WEB\TUBES\Look4Job\vendor\codeigniter4\framework\system\CodeIgniter.php(918): App\Controllers\Pages->profil('css', 'style.css')
#5 C:\MINE\INFORMATICS\SEMESTER 3\2. PENGEMBANGAN APLIKASI BERBASIS WEB\TUBES\Look4Job\vendor\codeigniter4\framework\system\CodeIgniter.php(404): CodeIgniter\CodeIgniter->runController(Object(App\Controllers\Pages))
#6 C:\MINE\INFORMATICS\SEMESTER 3\2. PENGEMBANGAN APLIKASI BERBASIS WEB\TUBES\Look4Job\vendor\codeigniter4\framework\system\CodeIgniter.php(312): CodeIgniter\CodeIgniter->handleRequest(NULL, Object(Config\Cache), false)
#7 C:\MINE\INFORMATICS\SEMESTER 3\2. PENGEMBANGAN APLIKASI BERBASIS WEB\TUBES\Look4Job\public\index.php(45): CodeIgniter\CodeIgniter->run()
#8 C:\MINE\INFORMATICS\SEMESTER 3\2. PENGEMBANGAN APLIKASI BERBASIS WEB\TUBES\Look4Job\vendor\codeigniter4\framework\system\Commands\Server\rewrite.php(34): require_once('C:\\MINE\\INFORMA...')
#9 {main}
